{"timestamp":"2025-10-29T06:51:14.598683","level":"info","event":"DAG bundles loaded: dags-folder, example_dags","logger":"airflow.dag_processing.bundles.manager.DagBundlesManager"}
{"timestamp":"2025-10-29T06:51:14.599479","level":"info","event":"Filling up the DagBag from /opt/airflow/dags/airflow-dag.py","logger":"airflow.models.dagbag.DagBag"}
{"timestamp":"2025-10-29T06:51:14.832780Z","level":"info","event":"Task instance is in running state","chan":"stdout","logger":"task"}
{"timestamp":"2025-10-29T06:51:14.832994Z","level":"info","event":" Previous state of the Task instance: TaskInstanceState.QUEUED","chan":"stdout","logger":"task"}
{"timestamp":"2025-10-29T06:51:14.833075Z","level":"info","event":"Current task name:process_and_assemble_messages","chan":"stdout","logger":"task"}
{"timestamp":"2025-10-29T06:51:14.833138Z","level":"info","event":"Dag name:sqs_pipeline","chan":"stdout","logger":"task"}
{"timestamp":"2025-10-29T06:51:14.782221","level":"info","event":"Secrets backends loaded for worker","count":1,"backend_classes":["EnvironmentVariablesBackend"],"logger":"supervisor"}
{"timestamp":"2025-10-29T06:51:14.833426","level":"info","event":"Secrets backends loaded for worker","count":1,"backend_classes":["EnvironmentVariablesBackend"],"logger":"supervisor"}
{"timestamp":"2025-10-29T06:51:20.159351","level":"info","event":"0 available. 21 left.","logger":"airflow.task"}
{"timestamp":"2025-10-29T06:51:20.160058Z","level":"info","event":"Response: {'Attributes': {'ApproximateNumberOfMessages': '0', 'ApproximateNumberOfMessagesNotVisible': '0', 'ApproximateNumberOfMessagesDelayed': '21'}, 'ResponseMetadata': {'RequestId': 'deccf068-adbd-5a14-8b72-91131615dad3', 'HTTPStatusCode': 200, 'HTTPHeaders': {'x-amzn-requestid': 'deccf068-adbd-5a14-8b72-91131615dad3', 'date': 'Wed, 29 Oct 2025 06:51:20 GMT', 'content-type': 'application/x-amz-json-1.0', 'content-length': '136', 'connection': 'keep-alive'}, 'RetryAttempts': 0}}","chan":"stdout","logger":"task"}
{"timestamp":"2025-10-29T06:51:30.190486","level":"info","event":"Messages empty. Pausing for 15sec","logger":"airflow.task"}
{"timestamp":"2025-10-29T06:51:45.234811","level":"info","event":"0 available. 21 left.","logger":"airflow.task"}
{"timestamp":"2025-10-29T06:51:45.235457Z","level":"info","event":"Response: {'Attributes': {'ApproximateNumberOfMessages': '0', 'ApproximateNumberOfMessagesNotVisible': '0', 'ApproximateNumberOfMessagesDelayed': '21'}, 'ResponseMetadata': {'RequestId': 'a58211c3-af15-5d8a-a32a-70b814d40d4d', 'HTTPStatusCode': 200, 'HTTPHeaders': {'x-amzn-requestid': 'a58211c3-af15-5d8a-a32a-70b814d40d4d', 'date': 'Wed, 29 Oct 2025 06:51:45 GMT', 'content-type': 'application/x-amz-json-1.0', 'content-length': '136', 'connection': 'keep-alive'}, 'RetryAttempts': 0}}","chan":"stdout","logger":"task"}
{"timestamp":"2025-10-29T06:51:45.601760","level":"info","event":"Message received. Extracting receipt handle, word and order number.","logger":"airflow.task"}
{"timestamp":"2025-10-29T06:51:45.602016","level":"info","event":"word received: for","logger":"airflow.task"}
{"timestamp":"2025-10-29T06:51:45.602114","level":"info","event":"order number received: 10","logger":"airflow.task"}
{"timestamp":"2025-10-29T06:51:45.602183","level":"info","event":"response handle received: AQEB5Bo6+Y5NUZLh7vRPYcVwPiWgNc21dh5PevuzTbxeKaxY5jURUtsbcCms3mzp7EaaO4jJ9+//imUMUo7XKVKsUP29kR/m7sKq7zOpI+1UiwIT9laGbnFg57V4mUD6r6YNrzbflUoll1eqXOIKHOh4H7VT6pkA5GOBtN128ou76Ek4CkpOzIDSHHVmbdDKWVWP2oc0qRqHWBk6IvQmWQUDz+ZRbLzHm/EvWXfj3z6VmVnZKxBFD4lfhaesvepMhSKlNXWYSaci9hXX+8HT8iwBSfGTYK0iuZpfQhgkhmPcnIZchYefL+UV0Fz4QjdfZtAslsjwALdDRJ57tgK1eQNd3k5xTbZTFM051MNJ7uRWm/0OwHfFtWKzXR40belODF3P","logger":"airflow.task"}
{"timestamp":"2025-10-29T06:51:45.602822","level":"error","event":"Error getting message: cannot access local variable 'message_checked' where it is not associated with a value","logger":"airflow.task"}
{"timestamp":"2025-10-29T06:51:45.717227","level":"info","event":"0 available. 21 left.","logger":"airflow.task"}
{"timestamp":"2025-10-29T06:51:45.717853Z","level":"info","event":"Response: {'Attributes': {'ApproximateNumberOfMessages': '0', 'ApproximateNumberOfMessagesNotVisible': '1', 'ApproximateNumberOfMessagesDelayed': '20'}, 'ResponseMetadata': {'RequestId': '352a6004-d105-5fe8-958a-017f6ac7af2f', 'HTTPStatusCode': 200, 'HTTPHeaders': {'x-amzn-requestid': '352a6004-d105-5fe8-958a-017f6ac7af2f', 'date': 'Wed, 29 Oct 2025 06:51:46 GMT', 'content-type': 'application/x-amz-json-1.0', 'content-length': '136', 'connection': 'keep-alive'}, 'RetryAttempts': 0}}","chan":"stdout","logger":"task"}
{"timestamp":"2025-10-29T06:51:54.480988","level":"info","event":"Message received. Extracting receipt handle, word and order number.","logger":"airflow.task"}
{"timestamp":"2025-10-29T06:51:54.481205","level":"info","event":"word received: it","logger":"airflow.task"}
{"timestamp":"2025-10-29T06:51:54.481335","level":"info","event":"order number received: 6","logger":"airflow.task"}
{"timestamp":"2025-10-29T06:51:54.481412","level":"info","event":"response handle received: AQEB7ojxfl1tD4VqM+rdBD4OPQY0fDZ2wF0GvZtq1Rm6XXX3ORRRd772UKwu+hFDz4wEiW0LxGvmx2QCE6I24HwgsPA9b8LONIZWy+ELjP2tm8r3Dro/CdZIw1hn8ao9vV+lyiETX0tFgUJXvtDrzvTXUk4Zyxq1BYGChrv0uFhY76PaeE37Xgya03qoOn8oqYUerw3KP0lcuM+sb5WY6v4SPnAWna4+4lEBgNIGvWPwfYIyKz/aHhJ2Gg//hgLWN9TvSSoaP7BZStSUpSoGIvV55LBZBRoLiYquV67U6Q4PunKP4f3JjZ+UlsJIilr1n4SlpHElBYPx/pNXZiWudNejsHt9ee2Q4giGmZ1t3MNMTMyD1+ArZl3mswPw3T3yNpsg","logger":"airflow.task"}
{"timestamp":"2025-10-29T06:51:54.481494","level":"error","event":"Error getting message: cannot access local variable 'message_checked' where it is not associated with a value","logger":"airflow.task"}
{"timestamp":"2025-10-29T06:51:54.511479","level":"info","event":"0 available. 21 left.","logger":"airflow.task"}
{"timestamp":"2025-10-29T06:51:54.512054Z","level":"info","event":"Response: {'Attributes': {'ApproximateNumberOfMessages': '0', 'ApproximateNumberOfMessagesNotVisible': '1', 'ApproximateNumberOfMessagesDelayed': '20'}, 'ResponseMetadata': {'RequestId': 'd4b250af-50e5-5c89-b8ae-31d4eb2e1c4e', 'HTTPStatusCode': 200, 'HTTPHeaders': {'x-amzn-requestid': 'd4b250af-50e5-5c89-b8ae-31d4eb2e1c4e', 'date': 'Wed, 29 Oct 2025 06:51:55 GMT', 'content-type': 'application/x-amz-json-1.0', 'content-length': '136', 'connection': 'keep-alive'}, 'RetryAttempts': 0}}","chan":"stdout","logger":"task"}
{"timestamp":"2025-10-29T06:51:56.760866","level":"info","event":"Message received. Extracting receipt handle, word and order number.","logger":"airflow.task"}
{"timestamp":"2025-10-29T06:51:56.761190","level":"info","event":"word received: to","logger":"airflow.task"}
{"timestamp":"2025-10-29T06:51:56.761330","level":"info","event":"order number received: 15","logger":"airflow.task"}
{"timestamp":"2025-10-29T06:51:56.761435","level":"info","event":"response handle received: AQEBRycyid1OLRO4ktTY1XKNI+UACQSa56PZFWeH1Qwv9GCUJgYT6qaQNSPpnXTdc0/EBgxWwNwmhRap+Wetx7CkTpe//05PYxM6SZ50KU8D8i1a8TcUcQl4CXPq+bH2QoZzk8McLs+pptcKcHI3UnhoXCrVacfDiLWccrSXIqj6GaRBgV8i/ohYpjmamu1UIrt/kJukTgrat1m+gLvgiwqSEbq4OrtIYzFVIRmgzC+eGjt9FWM5Y59BKctNJdFt/D1+10l7MeWzYl7JoBJdsdEGeEwUDl/e2uBn8j7V3Vsk0HUhcmtC0w4aK2V/oimBmmfRtFbTfiVKMtVa0m1y9Dqn6fmx2AongX18ltMYPV88KS735j1vqP2xEzo45wam4fzN","logger":"airflow.task"}
{"timestamp":"2025-10-29T06:51:56.761616","level":"error","event":"Error getting message: cannot access local variable 'message_checked' where it is not associated with a value","logger":"airflow.task"}
{"timestamp":"2025-10-29T06:51:56.787192","level":"info","event":"0 available. 21 left.","logger":"airflow.task"}
{"timestamp":"2025-10-29T06:51:56.787816Z","level":"info","event":"Response: {'Attributes': {'ApproximateNumberOfMessages': '0', 'ApproximateNumberOfMessagesNotVisible': '0', 'ApproximateNumberOfMessagesDelayed': '21'}, 'ResponseMetadata': {'RequestId': '8be6fdc1-de58-5da1-b26e-9cba65957d66', 'HTTPStatusCode': 200, 'HTTPHeaders': {'x-amzn-requestid': '8be6fdc1-de58-5da1-b26e-9cba65957d66', 'date': 'Wed, 29 Oct 2025 06:51:57 GMT', 'content-type': 'application/x-amz-json-1.0', 'content-length': '136', 'connection': 'keep-alive'}, 'RetryAttempts': 0}}","chan":"stdout","logger":"task"}
{"timestamp":"2025-10-29T06:52:06.831203","level":"info","event":"Messages empty. Pausing for 15sec","logger":"airflow.task"}
{"timestamp":"2025-10-29T06:52:21.865285","level":"info","event":"0 available. 21 left.","logger":"airflow.task"}
{"timestamp":"2025-10-29T06:52:21.866261Z","level":"info","event":"Response: {'Attributes': {'ApproximateNumberOfMessages': '0', 'ApproximateNumberOfMessagesNotVisible': '0', 'ApproximateNumberOfMessagesDelayed': '21'}, 'ResponseMetadata': {'RequestId': 'f49627a9-f3b3-50a0-bd56-46d248555067', 'HTTPStatusCode': 200, 'HTTPHeaders': {'x-amzn-requestid': 'f49627a9-f3b3-50a0-bd56-46d248555067', 'date': 'Wed, 29 Oct 2025 06:52:22 GMT', 'content-type': 'application/x-amz-json-1.0', 'content-length': '136', 'connection': 'keep-alive'}, 'RetryAttempts': 0}}","chan":"stdout","logger":"task"}
{"timestamp":"2025-10-29T06:52:31.902077","level":"info","event":"Messages empty. Pausing for 15sec","logger":"airflow.task"}
{"timestamp":"2025-10-29T06:52:46.958002","level":"info","event":"0 available. 21 left.","logger":"airflow.task"}
{"timestamp":"2025-10-29T06:52:46.959613Z","level":"info","event":"Response: {'Attributes': {'ApproximateNumberOfMessages': '0', 'ApproximateNumberOfMessagesNotVisible': '0', 'ApproximateNumberOfMessagesDelayed': '21'}, 'ResponseMetadata': {'RequestId': '06e7e403-d0f4-5e40-8278-85786b0b2e87', 'HTTPStatusCode': 200, 'HTTPHeaders': {'x-amzn-requestid': '06e7e403-d0f4-5e40-8278-85786b0b2e87', 'date': 'Wed, 29 Oct 2025 06:52:47 GMT', 'content-type': 'application/x-amz-json-1.0', 'content-length': '136', 'connection': 'keep-alive'}, 'RetryAttempts': 0}}","chan":"stdout","logger":"task"}
{"timestamp":"2025-10-29T06:52:56.999991","level":"info","event":"Messages empty. Pausing for 15sec","logger":"airflow.task"}
{"timestamp":"2025-10-29T06:53:12.046457","level":"info","event":"0 available. 21 left.","logger":"airflow.task"}
{"timestamp":"2025-10-29T06:53:12.047856Z","level":"info","event":"Response: {'Attributes': {'ApproximateNumberOfMessages': '0', 'ApproximateNumberOfMessagesNotVisible': '0', 'ApproximateNumberOfMessagesDelayed': '21'}, 'ResponseMetadata': {'RequestId': '669ca82e-eae5-5b5e-8663-c95556fdab99', 'HTTPStatusCode': 200, 'HTTPHeaders': {'x-amzn-requestid': '669ca82e-eae5-5b5e-8663-c95556fdab99', 'date': 'Wed, 29 Oct 2025 06:53:12 GMT', 'content-type': 'application/x-amz-json-1.0', 'content-length': '136', 'connection': 'keep-alive'}, 'RetryAttempts': 0}}","chan":"stdout","logger":"task"}
{"timestamp":"2025-10-29T06:53:22.079232","level":"info","event":"Messages empty. Pausing for 15sec","logger":"airflow.task"}
{"timestamp":"2025-10-29T06:53:37.118082","level":"info","event":"0 available. 21 left.","logger":"airflow.task"}
{"timestamp":"2025-10-29T06:53:37.118940Z","level":"info","event":"Response: {'Attributes': {'ApproximateNumberOfMessages': '0', 'ApproximateNumberOfMessagesNotVisible': '0', 'ApproximateNumberOfMessagesDelayed': '21'}, 'ResponseMetadata': {'RequestId': '874361f1-bb2c-5465-9bff-008a071d64a2', 'HTTPStatusCode': 200, 'HTTPHeaders': {'x-amzn-requestid': '874361f1-bb2c-5465-9bff-008a071d64a2', 'date': 'Wed, 29 Oct 2025 06:53:37 GMT', 'content-type': 'application/x-amz-json-1.0', 'content-length': '136', 'connection': 'keep-alive'}, 'RetryAttempts': 0}}","chan":"stdout","logger":"task"}
{"timestamp":"2025-10-29T06:53:42.164162Z","level":"error","event":"Server indicated the task shouldn't be running anymore. Terminating process","detail":{"detail":{"reason":"not_found","message":"Task Instance not found"}},"logger":"task"}
{"timestamp":"2025-10-29T06:53:42.205413Z","level":"error","event":"Task killed!","logger":"task"}
