{"timestamp":"2025-10-29T06:52:16.569299","level":"info","event":"DAG bundles loaded: dags-folder, example_dags","logger":"airflow.dag_processing.bundles.manager.DagBundlesManager"}
{"timestamp":"2025-10-29T06:52:16.570311","level":"info","event":"Filling up the DagBag from /opt/airflow/dags/airflow-dag.py","logger":"airflow.models.dagbag.DagBag"}
{"timestamp":"2025-10-29T06:52:16.753478Z","level":"info","event":"Task instance is in running state","chan":"stdout","logger":"task"}
{"timestamp":"2025-10-29T06:52:16.753681Z","level":"info","event":" Previous state of the Task instance: TaskInstanceState.QUEUED","chan":"stdout","logger":"task"}
{"timestamp":"2025-10-29T06:52:16.753765Z","level":"info","event":"Current task name:process_and_assemble_messages","chan":"stdout","logger":"task"}
{"timestamp":"2025-10-29T06:52:16.753836Z","level":"info","event":"Dag name:sqs_pipeline","chan":"stdout","logger":"task"}
{"timestamp":"2025-10-29T06:52:16.731317","level":"info","event":"Secrets backends loaded for worker","count":1,"backend_classes":["EnvironmentVariablesBackend"],"logger":"supervisor"}
{"timestamp":"2025-10-29T06:52:16.769614","level":"info","event":"Secrets backends loaded for worker","count":1,"backend_classes":["EnvironmentVariablesBackend"],"logger":"supervisor"}
{"timestamp":"2025-10-29T06:52:17.185944","level":"info","event":"0 available. 21 left.","logger":"airflow.task"}
{"timestamp":"2025-10-29T06:52:17.186778Z","level":"info","event":"Response: {'Attributes': {'ApproximateNumberOfMessages': '0', 'ApproximateNumberOfMessagesNotVisible': '0', 'ApproximateNumberOfMessagesDelayed': '21'}, 'ResponseMetadata': {'RequestId': '780fec67-6740-5ea9-b7c3-8d1cdca1d485', 'HTTPStatusCode': 200, 'HTTPHeaders': {'x-amzn-requestid': '780fec67-6740-5ea9-b7c3-8d1cdca1d485', 'date': 'Wed, 29 Oct 2025 06:52:17 GMT', 'content-type': 'application/x-amz-json-1.0', 'content-length': '136', 'connection': 'keep-alive'}, 'RetryAttempts': 0}}","chan":"stdout","logger":"task"}
{"timestamp":"2025-10-29T06:52:27.225006","level":"info","event":"Messages empty. Pausing for 15sec","logger":"airflow.task"}
{"timestamp":"2025-10-29T06:52:42.265563","level":"info","event":"0 available. 21 left.","logger":"airflow.task"}
{"timestamp":"2025-10-29T06:52:42.266269Z","level":"info","event":"Response: {'Attributes': {'ApproximateNumberOfMessages': '0', 'ApproximateNumberOfMessagesNotVisible': '0', 'ApproximateNumberOfMessagesDelayed': '21'}, 'ResponseMetadata': {'RequestId': 'ef6157b8-e23b-5f6b-ba56-36c359c13547', 'HTTPStatusCode': 200, 'HTTPHeaders': {'x-amzn-requestid': 'ef6157b8-e23b-5f6b-ba56-36c359c13547', 'date': 'Wed, 29 Oct 2025 06:52:42 GMT', 'content-type': 'application/x-amz-json-1.0', 'content-length': '136', 'connection': 'keep-alive'}, 'RetryAttempts': 0}}","chan":"stdout","logger":"task"}
{"timestamp":"2025-10-29T06:52:52.293201","level":"info","event":"Messages empty. Pausing for 15sec","logger":"airflow.task"}
{"timestamp":"2025-10-29T06:53:07.335694","level":"info","event":"0 available. 21 left.","logger":"airflow.task"}
{"timestamp":"2025-10-29T06:53:07.338155Z","level":"info","event":"Response: {'Attributes': {'ApproximateNumberOfMessages': '0', 'ApproximateNumberOfMessagesNotVisible': '0', 'ApproximateNumberOfMessagesDelayed': '21'}, 'ResponseMetadata': {'RequestId': '20cb4fdb-5b9a-5273-9703-2ea0e789685f', 'HTTPStatusCode': 200, 'HTTPHeaders': {'x-amzn-requestid': '20cb4fdb-5b9a-5273-9703-2ea0e789685f', 'date': 'Wed, 29 Oct 2025 06:53:07 GMT', 'content-type': 'application/x-amz-json-1.0', 'content-length': '136', 'connection': 'keep-alive'}, 'RetryAttempts': 0}}","chan":"stdout","logger":"task"}
{"timestamp":"2025-10-29T06:53:17.374417","level":"info","event":"Messages empty. Pausing for 15sec","logger":"airflow.task"}
{"timestamp":"2025-10-29T06:53:32.503005","level":"info","event":"0 available. 21 left.","logger":"airflow.task"}
{"timestamp":"2025-10-29T06:53:32.504349Z","level":"info","event":"Response: {'Attributes': {'ApproximateNumberOfMessages': '0', 'ApproximateNumberOfMessagesNotVisible': '0', 'ApproximateNumberOfMessagesDelayed': '21'}, 'ResponseMetadata': {'RequestId': '5f2b1114-5f72-5729-b2c0-706fe35e1d05', 'HTTPStatusCode': 200, 'HTTPHeaders': {'x-amzn-requestid': '5f2b1114-5f72-5729-b2c0-706fe35e1d05', 'date': 'Wed, 29 Oct 2025 06:53:33 GMT', 'content-type': 'application/x-amz-json-1.0', 'content-length': '136', 'connection': 'keep-alive'}, 'RetryAttempts': 0}}","chan":"stdout","logger":"task"}
{"timestamp":"2025-10-29T06:53:42.532025","level":"info","event":"Messages empty. Pausing for 15sec","logger":"airflow.task"}
{"timestamp":"2025-10-29T06:53:57.565375","level":"info","event":"0 available. 21 left.","logger":"airflow.task"}
{"timestamp":"2025-10-29T06:53:57.566135Z","level":"info","event":"Response: {'Attributes': {'ApproximateNumberOfMessages': '0', 'ApproximateNumberOfMessagesNotVisible': '0', 'ApproximateNumberOfMessagesDelayed': '21'}, 'ResponseMetadata': {'RequestId': '6771c98a-4733-50de-b9f7-a8f1fb754af2', 'HTTPStatusCode': 200, 'HTTPHeaders': {'x-amzn-requestid': '6771c98a-4733-50de-b9f7-a8f1fb754af2', 'date': 'Wed, 29 Oct 2025 06:53:58 GMT', 'content-type': 'application/x-amz-json-1.0', 'content-length': '136', 'connection': 'keep-alive'}, 'RetryAttempts': 0}}","chan":"stdout","logger":"task"}
{"timestamp":"2025-10-29T06:54:01.923633","level":"info","event":"Message received. Extracting receipt handle, word and order number.","logger":"airflow.task"}
{"timestamp":"2025-10-29T06:54:01.924003","level":"info","event":"word received: for","logger":"airflow.task"}
{"timestamp":"2025-10-29T06:54:01.924149","level":"info","event":"order number received: 10","logger":"airflow.task"}
{"timestamp":"2025-10-29T06:54:01.924288","level":"info","event":"response handle received: AQEBjLCAAWKqAJQJStpLP1CIqFMI0SBKr7F2gvWoOvjpzR4Xq+18b/B8bwb7/xthESUUSihYfMu5MeYXsr9QScdCoV/xSGB9GGgv+JAUHXp20V2KyAs2bAK7zbNsdVQjBRf5WHnmM33OHZtQMhdDyZmiq9LohQEn/iBIfkeQIhhAvkXqf0N2gUT982AvAlJO17NCWrKcZAe81uQcEkkWcWF4o7PUcl70fyebZMoTrxYs1LasFfT3l+GQ2gSDdkEBIa5n+/a/Tz7vIrqPL4KiZPcA7YAlvFzZtnAfH6X2GbltQPvK92oH9mN86OyyurQbkbGHAOsKf+10W7YfwxEV5fHVLOTsxwi+d92PlFgyifUXuGDDAprlBbAIpxSQlG+Vh7oN","logger":"airflow.task"}
{"timestamp":"2025-10-29T06:54:01.952380","level":"info","event":"Message deleted","logger":"airflow.task"}
{"timestamp":"2025-10-29T06:54:01.979988","level":"info","event":"0 available. 20 left.","logger":"airflow.task"}
{"timestamp":"2025-10-29T06:54:01.980775Z","level":"info","event":"Response: {'Attributes': {'ApproximateNumberOfMessages': '0', 'ApproximateNumberOfMessagesNotVisible': '0', 'ApproximateNumberOfMessagesDelayed': '20'}, 'ResponseMetadata': {'RequestId': 'f2584491-f096-54cc-8149-25ea4cdc0ee0', 'HTTPStatusCode': 200, 'HTTPHeaders': {'x-amzn-requestid': 'f2584491-f096-54cc-8149-25ea4cdc0ee0', 'date': 'Wed, 29 Oct 2025 06:54:02 GMT', 'content-type': 'application/x-amz-json-1.0', 'content-length': '136', 'connection': 'keep-alive'}, 'RetryAttempts': 0}}","chan":"stdout","logger":"task"}
{"timestamp":"2025-10-29T06:54:12.007544","level":"info","event":"Messages empty. Pausing for 15sec","logger":"airflow.task"}
{"timestamp":"2025-10-29T06:54:27.049413","level":"info","event":"0 available. 20 left.","logger":"airflow.task"}
{"timestamp":"2025-10-29T06:54:27.050421Z","level":"info","event":"Response: {'Attributes': {'ApproximateNumberOfMessages': '0', 'ApproximateNumberOfMessagesNotVisible': '0', 'ApproximateNumberOfMessagesDelayed': '20'}, 'ResponseMetadata': {'RequestId': '740a2cb4-369c-5453-8c1d-4dcf8affbe7f', 'HTTPStatusCode': 200, 'HTTPHeaders': {'x-amzn-requestid': '740a2cb4-369c-5453-8c1d-4dcf8affbe7f', 'date': 'Wed, 29 Oct 2025 06:54:27 GMT', 'content-type': 'application/x-amz-json-1.0', 'content-length': '136', 'connection': 'keep-alive'}, 'RetryAttempts': 0}}","chan":"stdout","logger":"task"}
{"timestamp":"2025-10-29T06:54:37.088927","level":"info","event":"Messages empty. Pausing for 15sec","logger":"airflow.task"}
{"timestamp":"2025-10-29T06:54:52.126951","level":"info","event":"1 available. 19 left.","logger":"airflow.task"}
{"timestamp":"2025-10-29T06:54:52.128008Z","level":"info","event":"Response: {'Attributes': {'ApproximateNumberOfMessages': '1', 'ApproximateNumberOfMessagesNotVisible': '0', 'ApproximateNumberOfMessagesDelayed': '19'}, 'ResponseMetadata': {'RequestId': '073a961a-a124-59eb-a32e-f7611d58f3c7', 'HTTPStatusCode': 200, 'HTTPHeaders': {'x-amzn-requestid': '073a961a-a124-59eb-a32e-f7611d58f3c7', 'date': 'Wed, 29 Oct 2025 06:54:52 GMT', 'content-type': 'application/x-amz-json-1.0', 'content-length': '136', 'connection': 'keep-alive'}, 'RetryAttempts': 0}}","chan":"stdout","logger":"task"}
{"timestamp":"2025-10-29T06:54:52.184318","level":"info","event":"Message received. Extracting receipt handle, word and order number.","logger":"airflow.task"}
{"timestamp":"2025-10-29T06:54:52.184646","level":"info","event":"word received: by","logger":"airflow.task"}
{"timestamp":"2025-10-29T06:54:52.184801","level":"info","event":"order number received: 4","logger":"airflow.task"}
{"timestamp":"2025-10-29T06:54:52.185383","level":"info","event":"response handle received: AQEBiPpYeemCqS0kvy4AryUBUbLFujVxUzirKy27krq6zBb58P77GR6CZKhddHm4BF4C2H9P0x4e3YU37XvUpTBlpnwNBL93iHqOgihsgNuGCd+UJchTbyYJF7e7ISwg+Uska+Adcc6PXt+UcgwpJOIQgAqpvJu5CELr3iiTiwM14c8Y2tpuDe7RzdeXfoHeBOo+50y8gE4W45IdwnMbf5UwPwnMEdrbHgn7e/fXLLo6lLEAcUmy2QG8OC4DXvcY0m/ycmRjHnecRJY1qNzGHGDcEbNkpw4WOGmOh0kl6w2Q64jR80uqqDrLwdlhw2s/xIUYvEnFlsPx1FUkHepzYDCWc/mjWLYDTZ9KoHRxERJ60jasWXK3EBTDNRtTqVaBWx20","logger":"airflow.task"}
{"timestamp":"2025-10-29T06:54:52.211933","level":"info","event":"Message deleted","logger":"airflow.task"}
{"timestamp":"2025-10-29T06:54:52.235727","level":"info","event":"0 available. 20 left.","logger":"airflow.task"}
{"timestamp":"2025-10-29T06:54:52.236670Z","level":"info","event":"Response: {'Attributes': {'ApproximateNumberOfMessages': '0', 'ApproximateNumberOfMessagesNotVisible': '0', 'ApproximateNumberOfMessagesDelayed': '20'}, 'ResponseMetadata': {'RequestId': '8226c06d-b19e-5fe8-a665-a1160de2f5c4', 'HTTPStatusCode': 200, 'HTTPHeaders': {'x-amzn-requestid': '8226c06d-b19e-5fe8-a665-a1160de2f5c4', 'date': 'Wed, 29 Oct 2025 06:54:52 GMT', 'content-type': 'application/x-amz-json-1.0', 'content-length': '136', 'connection': 'keep-alive'}, 'RetryAttempts': 0}}","chan":"stdout","logger":"task"}
{"timestamp":"2025-10-29T06:55:02.267759","level":"info","event":"Messages empty. Pausing for 15sec","logger":"airflow.task"}
{"timestamp":"2025-10-29T06:55:17.308591","level":"info","event":"0 available. 20 left.","logger":"airflow.task"}
{"timestamp":"2025-10-29T06:55:17.309409Z","level":"info","event":"Response: {'Attributes': {'ApproximateNumberOfMessages': '0', 'ApproximateNumberOfMessagesNotVisible': '0', 'ApproximateNumberOfMessagesDelayed': '20'}, 'ResponseMetadata': {'RequestId': '856811e3-68ca-5ce6-b546-7098d45f66ca', 'HTTPStatusCode': 200, 'HTTPHeaders': {'x-amzn-requestid': '856811e3-68ca-5ce6-b546-7098d45f66ca', 'date': 'Wed, 29 Oct 2025 06:55:17 GMT', 'content-type': 'application/x-amz-json-1.0', 'content-length': '136', 'connection': 'keep-alive'}, 'RetryAttempts': 0}}","chan":"stdout","logger":"task"}
{"timestamp":"2025-10-29T06:55:27.335310","level":"info","event":"Messages empty. Pausing for 15sec","logger":"airflow.task"}
{"timestamp":"2025-10-29T06:55:42.372805","level":"info","event":"0 available. 19 left.","logger":"airflow.task"}
{"timestamp":"2025-10-29T06:55:42.374378Z","level":"info","event":"Response: {'Attributes': {'ApproximateNumberOfMessages': '0', 'ApproximateNumberOfMessagesNotVisible': '0', 'ApproximateNumberOfMessagesDelayed': '19'}, 'ResponseMetadata': {'RequestId': '457885c2-3ee8-5805-aee4-e4b98246c229', 'HTTPStatusCode': 200, 'HTTPHeaders': {'x-amzn-requestid': '457885c2-3ee8-5805-aee4-e4b98246c229', 'date': 'Wed, 29 Oct 2025 06:55:42 GMT', 'content-type': 'application/x-amz-json-1.0', 'content-length': '136', 'connection': 'keep-alive'}, 'RetryAttempts': 0}}","chan":"stdout","logger":"task"}
{"timestamp":"2025-10-29T06:55:42.415228","level":"info","event":"Message received. Extracting receipt handle, word and order number.","logger":"airflow.task"}
{"timestamp":"2025-10-29T06:55:42.415536","level":"info","event":"word received: and","logger":"airflow.task"}
{"timestamp":"2025-10-29T06:55:42.415676","level":"info","event":"order number received: 13","logger":"airflow.task"}
{"timestamp":"2025-10-29T06:55:42.415786","level":"info","event":"response handle received: AQEB8xbbZpP96yPs2HUxR8bNH9SdokwQNOvNr7LjTwI14EJ6pUvOvvFEx8BQlu7Tu2oDFG3v8m/ZxapiJfmQYiFe7IjO+HNpfAqHb0sKEpGFQiNdy1J/JVJ5GINjlBcwU3EmXw4AquufE+CtLcAIALpa2sbamUwNcfXXwQi4ni2AiDUiwazQxe57eJ5yj4xkowwTCy5C9CSPR/LPunIN6qYl3Bc6U6p+LbDysPY6RJujjsGaWmx+sQ+Xqvla28VtNGYFZ54vZ9LyRHk2NoK7KjUoCslKKTF/43t8+mCCjWxIyw/RNeGJIjOnYHnRP3Wr8Db/nA58n7mMX8uYmHsgPL0nGLyH7Ti3M/FAAOHGnI4DLw8FoRsvOjxoL8yQSsMEu/0Z","logger":"airflow.task"}
{"timestamp":"2025-10-29T06:55:42.447274","level":"info","event":"Message deleted","logger":"airflow.task"}
{"timestamp":"2025-10-29T06:55:42.476400","level":"info","event":"1 available. 17 left.","logger":"airflow.task"}
{"timestamp":"2025-10-29T06:55:42.477388Z","level":"info","event":"Response: {'Attributes': {'ApproximateNumberOfMessages': '1', 'ApproximateNumberOfMessagesNotVisible': '0', 'ApproximateNumberOfMessagesDelayed': '17'}, 'ResponseMetadata': {'RequestId': 'ff570f53-fc6d-5a65-bef6-6e2840c37049', 'HTTPStatusCode': 200, 'HTTPHeaders': {'x-amzn-requestid': 'ff570f53-fc6d-5a65-bef6-6e2840c37049', 'date': 'Wed, 29 Oct 2025 06:55:42 GMT', 'content-type': 'application/x-amz-json-1.0', 'content-length': '136', 'connection': 'keep-alive'}, 'RetryAttempts': 0}}","chan":"stdout","logger":"task"}
{"timestamp":"2025-10-29T06:55:42.512928","level":"info","event":"Message received. Extracting receipt handle, word and order number.","logger":"airflow.task"}
{"timestamp":"2025-10-29T06:55:42.513451","level":"info","event":"word received: not","logger":"airflow.task"}
{"timestamp":"2025-10-29T06:55:42.513720","level":"info","event":"order number received: 2","logger":"airflow.task"}
{"timestamp":"2025-10-29T06:55:42.513996","level":"info","event":"response handle received: AQEBhts40oKNvE/+CcMFlH7gS68WdMjUJ2FHf4/O3GlJLyTXKtOtsxwvIHug75hltjgcE7ISaMaG99ty7t+QgxaqCaQIeMbumGnDJwj8V4Nw5MoNTA2X5GGBGR2T70blRdUbJI22FHQf4l2G445p39VM7/q+uVNZImm+z/88GXncXnOoP+YyMLPHu5uYYC8Z6KeaujbM26/Kd66FTJK6ngfs0V9Ywp4cnlga4mqeq5sbCWw/XuXZJckdVeXaYeniHkQeSwCdZLsRHXXxySGj9O7ubhMkGfhZez61HpttdA4iJ/mMZC6t188L/j8WFCblRKxo9VGtcMQcsgjtd/BubI5hoiC8mZ2+onjHmGQ1af0lneetF/nLiz+zOL9hZyMul7TH","logger":"airflow.task"}
{"timestamp":"2025-10-29T06:55:42.549589","level":"info","event":"Message deleted","logger":"airflow.task"}
{"timestamp":"2025-10-29T06:55:42.577613","level":"info","event":"1 available. 17 left.","logger":"airflow.task"}
{"timestamp":"2025-10-29T06:55:42.578805Z","level":"info","event":"Response: {'Attributes': {'ApproximateNumberOfMessages': '1', 'ApproximateNumberOfMessagesNotVisible': '0', 'ApproximateNumberOfMessagesDelayed': '17'}, 'ResponseMetadata': {'RequestId': 'f6f3cf11-ee85-50a5-b056-ae6a522a4a89', 'HTTPStatusCode': 200, 'HTTPHeaders': {'x-amzn-requestid': 'f6f3cf11-ee85-50a5-b056-ae6a522a4a89', 'date': 'Wed, 29 Oct 2025 06:55:43 GMT', 'content-type': 'application/x-amz-json-1.0', 'content-length': '136', 'connection': 'keep-alive'}, 'RetryAttempts': 0}}","chan":"stdout","logger":"task"}
{"timestamp":"2025-10-29T06:55:52.606164","level":"info","event":"Messages empty. Pausing for 15sec","logger":"airflow.task"}
{"timestamp":"2025-10-29T06:56:07.663896","level":"info","event":"0 available. 17 left.","logger":"airflow.task"}
{"timestamp":"2025-10-29T06:56:07.680587Z","level":"info","event":"Response: {'Attributes': {'ApproximateNumberOfMessages': '0', 'ApproximateNumberOfMessagesNotVisible': '0', 'ApproximateNumberOfMessagesDelayed': '17'}, 'ResponseMetadata': {'RequestId': '9f71d211-15dc-5516-9073-b36aa914ef3a', 'HTTPStatusCode': 200, 'HTTPHeaders': {'x-amzn-requestid': '9f71d211-15dc-5516-9073-b36aa914ef3a', 'date': 'Wed, 29 Oct 2025 06:56:08 GMT', 'content-type': 'application/x-amz-json-1.0', 'content-length': '136', 'connection': 'close'}, 'RetryAttempts': 0}}","chan":"stdout","logger":"task"}
{"timestamp":"2025-10-29T06:56:10.240752","level":"info","event":"Message received. Extracting receipt handle, word and order number.","logger":"airflow.task"}
{"timestamp":"2025-10-29T06:56:10.240987","level":"info","event":"word received: -","logger":"airflow.task"}
{"timestamp":"2025-10-29T06:56:10.241087","level":"info","event":"order number received: 18","logger":"airflow.task"}
{"timestamp":"2025-10-29T06:56:10.241160","level":"info","event":"response handle received: AQEBqj4X5t7V+QN0GOXHq5upllh/zOZhk5S34XNoAsH6f2LKDDkTyfm5froiHOvEtYjB+R0PFRxPUCpOloyMBT6sjS0Bs3kDz9DPyNDhSMaQtLsekeSzzILZn7UQN/P8Hkp0+o3aYB4jPPmOWCCSirfuOPmV2lwTL2idP17CJTxD2p6nCU5g0VVbWn7S/Gap8ckY2GZrdKGNls1T19Ic8EDGm56VI4hGiyinr6Vc+H5JlC+1T2WKnP1eSmVzylkEDxDRaSAji8FbVQuYbw32F0lW8cf58lV9WQOplWr7hEaUeYBVeL/spKxyIofoWMaaqVknP7M13qijVVauPPbyREJrDAHwJpWUW6foBOU3HPNXu6qvDAMl/GRXa2ihiZR7o9Wi","logger":"airflow.task"}
{"timestamp":"2025-10-29T06:56:10.273868","level":"info","event":"Message deleted","logger":"airflow.task"}
{"timestamp":"2025-10-29T06:56:10.312741","level":"info","event":"2 available. 17 left.","logger":"airflow.task"}
{"timestamp":"2025-10-29T06:56:10.313579Z","level":"info","event":"Response: {'Attributes': {'ApproximateNumberOfMessages': '2', 'ApproximateNumberOfMessagesNotVisible': '0', 'ApproximateNumberOfMessagesDelayed': '17'}, 'ResponseMetadata': {'RequestId': '9ac74718-2199-5301-9f95-26639d532156', 'HTTPStatusCode': 200, 'HTTPHeaders': {'x-amzn-requestid': '9ac74718-2199-5301-9f95-26639d532156', 'date': 'Wed, 29 Oct 2025 06:56:10 GMT', 'content-type': 'application/x-amz-json-1.0', 'content-length': '136', 'connection': 'keep-alive'}, 'RetryAttempts': 0}}","chan":"stdout","logger":"task"}
{"timestamp":"2025-10-29T06:56:19.174880","level":"info","event":"Message received. Extracting receipt handle, word and order number.","logger":"airflow.task"}
{"timestamp":"2025-10-29T06:56:19.175263","level":"info","event":"word received: with","logger":"airflow.task"}
{"timestamp":"2025-10-29T06:56:19.175433","level":"info","event":"order number received: 16","logger":"airflow.task"}
{"timestamp":"2025-10-29T06:56:19.175612","level":"info","event":"response handle received: AQEBJNZl48uh8YhCiyMOKZy7DCv40ogdOLQZmgj66l4jRtb50CdqIP5tC5vosiaWXL6Z4rT3733vlzroX0gDhK0/+ov0W/TXBWqlzzgzE+tOqwwCAHXgS67Te0ObbqSQXK0s58GZr9Wg2VYnmnxXeTtEv43GbOdOiabhHG8U/A/bozInFzQQOg4VsD5L8FFkPJ+BF/FzP7HBTY6yjkfhHp3Usi/BW9kaa87JBPqJX9essHLt7xUw55dvV/0TnO/p+Y7/zPpP2GPf0+R4mXSff//bxbiVAbc2GUFpmIG48lnxVGW/qYLeDIWf8whptFl+JMbM3DLEC+A+/u+KkofIhwf3R7BhBVqfyBWea2M8WUuQTOFlxuJUxrKdPrYTrPOPL0gj","logger":"airflow.task"}
{"timestamp":"2025-10-29T06:56:19.203954","level":"info","event":"Message deleted","logger":"airflow.task"}
{"timestamp":"2025-10-29T06:56:19.236880","level":"info","event":"0 available. 17 left.","logger":"airflow.task"}
{"timestamp":"2025-10-29T06:56:19.237752Z","level":"info","event":"Response: {'Attributes': {'ApproximateNumberOfMessages': '0', 'ApproximateNumberOfMessagesNotVisible': '0', 'ApproximateNumberOfMessagesDelayed': '17'}, 'ResponseMetadata': {'RequestId': '5437a528-3ee0-5e8b-aac4-c45382335cdc', 'HTTPStatusCode': 200, 'HTTPHeaders': {'x-amzn-requestid': '5437a528-3ee0-5e8b-aac4-c45382335cdc', 'date': 'Wed, 29 Oct 2025 06:56:19 GMT', 'content-type': 'application/x-amz-json-1.0', 'content-length': '136', 'connection': 'keep-alive'}, 'RetryAttempts': 0}}","chan":"stdout","logger":"task"}
{"timestamp":"2025-10-29T06:56:21.860081","level":"info","event":"Message received. Extracting receipt handle, word and order number.","logger":"airflow.task"}
{"timestamp":"2025-10-29T06:56:21.860502","level":"info","event":"word received: be","logger":"airflow.task"}
{"timestamp":"2025-10-29T06:56:21.860659","level":"info","event":"order number received: 8","logger":"airflow.task"}
{"timestamp":"2025-10-29T06:56:21.860764","level":"info","event":"response handle received: AQEBT6mE69ndcSrAbmi20DDG83mBPBL4cvGDPUOWzFgB2k44iT+4Zwjncs4EuHkITrBy6Hz7FzCOC/ZU//VpyTZM3ZXWwRS4lXavf3OjbbGx/3KDetm/SPFHpn5em0entI4OOn76X06tUJyt4aBAz9O49MEMPLD7amm8LVrcjHbNrotgw5gxMFVAAS+1k0FVmbAM95e+BxpBe6H/mtHtATacf2JxIHczdDKf85hZNP5Zdx+EAau/xbcWbUC4rT9zOc3x/WUJYtdcmLespNZj62/0OisUZHGeA0CUZFgTJAgMAuX+SYiH0y8djN91axDyaAQZI53crvQzzQT7DkRL/OQC6h5/97LnZFFsA+t5QfT6qHnQFAHm70KZN+DRpja+0Q2o","logger":"airflow.task"}
{"timestamp":"2025-10-29T06:56:21.891262","level":"info","event":"Message deleted","logger":"airflow.task"}
{"timestamp":"2025-10-29T06:56:21.922919","level":"info","event":"0 available. 17 left.","logger":"airflow.task"}
{"timestamp":"2025-10-29T06:56:21.923605Z","level":"info","event":"Response: {'Attributes': {'ApproximateNumberOfMessages': '0', 'ApproximateNumberOfMessagesNotVisible': '0', 'ApproximateNumberOfMessagesDelayed': '17'}, 'ResponseMetadata': {'RequestId': '181a8b8d-1cc7-550a-8e06-eaf6a011075d', 'HTTPStatusCode': 200, 'HTTPHeaders': {'x-amzn-requestid': '181a8b8d-1cc7-550a-8e06-eaf6a011075d', 'date': 'Wed, 29 Oct 2025 06:56:22 GMT', 'content-type': 'application/x-amz-json-1.0', 'content-length': '136', 'connection': 'keep-alive'}, 'RetryAttempts': 0}}","chan":"stdout","logger":"task"}
{"timestamp":"2025-10-29T06:56:31.949048","level":"info","event":"Messages empty. Pausing for 15sec","logger":"airflow.task"}
{"timestamp":"2025-10-29T06:56:46.980975","level":"info","event":"0 available. 14 left.","logger":"airflow.task"}
{"timestamp":"2025-10-29T06:56:46.981789Z","level":"info","event":"Response: {'Attributes': {'ApproximateNumberOfMessages': '0', 'ApproximateNumberOfMessagesNotVisible': '0', 'ApproximateNumberOfMessagesDelayed': '14'}, 'ResponseMetadata': {'RequestId': '1bbd1fbf-9f68-51de-9338-7ec42387f389', 'HTTPStatusCode': 200, 'HTTPHeaders': {'x-amzn-requestid': '1bbd1fbf-9f68-51de-9338-7ec42387f389', 'date': 'Wed, 29 Oct 2025 06:56:47 GMT', 'content-type': 'application/x-amz-json-1.0', 'content-length': '136', 'connection': 'keep-alive'}, 'RetryAttempts': 0}}","chan":"stdout","logger":"task"}
{"timestamp":"2025-10-29T06:56:57.010490","level":"info","event":"Messages empty. Pausing for 15sec","logger":"airflow.task"}
{"timestamp":"2025-10-29T06:57:12.046585","level":"info","event":"1 available. 13 left.","logger":"airflow.task"}
{"timestamp":"2025-10-29T06:57:12.047243Z","level":"info","event":"Response: {'Attributes': {'ApproximateNumberOfMessages': '1', 'ApproximateNumberOfMessagesNotVisible': '0', 'ApproximateNumberOfMessagesDelayed': '13'}, 'ResponseMetadata': {'RequestId': '93455774-b87e-5451-99c0-360f0576c606', 'HTTPStatusCode': 200, 'HTTPHeaders': {'x-amzn-requestid': '93455774-b87e-5451-99c0-360f0576c606', 'date': 'Wed, 29 Oct 2025 06:57:12 GMT', 'content-type': 'application/x-amz-json-1.0', 'content-length': '136', 'connection': 'keep-alive'}, 'RetryAttempts': 0}}","chan":"stdout","logger":"task"}
{"timestamp":"2025-10-29T06:57:12.093510","level":"info","event":"Message received. Extracting receipt handle, word and order number.","logger":"airflow.task"}
{"timestamp":"2025-10-29T06:57:12.093799","level":"info","event":"word received: ardor","logger":"airflow.task"}
{"timestamp":"2025-10-29T06:57:12.093915","level":"info","event":"order number received: 12","logger":"airflow.task"}
{"timestamp":"2025-10-29T06:57:12.094001","level":"info","event":"response handle received: AQEBmNqto7keTGzacjdiSpo41j0xKoaCPxRiUVJS0J7/DLRs19DSdd7PIaE8YMFJb/LcuzQtpauvIgPK+qEHsJrj+brdIOj+iI59sTd6gaNQ1yMRpUIEmtxq5wHfIf2vJ4me1NRdaaf+rgtigkWhjMAcGR+BPadMhbwoB9StR7rejB//7BLzVVr45l/2WAxChYiouwHr0o+aHtBZhIy+XvpsOqQpO4g7eEQCshlJ7FRUUvt7hhvmYs+cFxrSy9ZA+HpWqzxweGcQa3u+bPguYw385bzA07HzXVIWaMU8UlMU7MH9aARlUewxyleJrfpullO0hoXckR1AIYSSb94atAoioJRN/QmwsLm5cOG9RdGDllnIMiLy4xTrwshL6lt9hUMn","logger":"airflow.task"}
{"timestamp":"2025-10-29T06:57:12.121216","level":"info","event":"Message deleted","logger":"airflow.task"}
{"timestamp":"2025-10-29T06:57:12.149691","level":"info","event":"0 available. 15 left.","logger":"airflow.task"}
{"timestamp":"2025-10-29T06:57:12.150205Z","level":"info","event":"Response: {'Attributes': {'ApproximateNumberOfMessages': '0', 'ApproximateNumberOfMessagesNotVisible': '0', 'ApproximateNumberOfMessagesDelayed': '15'}, 'ResponseMetadata': {'RequestId': '32fdf9f3-538e-5494-a73b-9888ee8616c3', 'HTTPStatusCode': 200, 'HTTPHeaders': {'x-amzn-requestid': '32fdf9f3-538e-5494-a73b-9888ee8616c3', 'date': 'Wed, 29 Oct 2025 06:57:12 GMT', 'content-type': 'application/x-amz-json-1.0', 'content-length': '136', 'connection': 'keep-alive'}, 'RetryAttempts': 0}}","chan":"stdout","logger":"task"}
{"timestamp":"2025-10-29T06:57:22.180402","level":"info","event":"Messages empty. Pausing for 15sec","logger":"airflow.task"}
{"timestamp":"2025-10-29T06:57:37.215781","level":"info","event":"1 available. 12 left.","logger":"airflow.task"}
{"timestamp":"2025-10-29T06:57:37.216620Z","level":"info","event":"Response: {'Attributes': {'ApproximateNumberOfMessages': '1', 'ApproximateNumberOfMessagesNotVisible': '0', 'ApproximateNumberOfMessagesDelayed': '12'}, 'ResponseMetadata': {'RequestId': 'accfcb35-552e-5569-9447-aa4ee80f773e', 'HTTPStatusCode': 200, 'HTTPHeaders': {'x-amzn-requestid': 'accfcb35-552e-5569-9447-aa4ee80f773e', 'date': 'Wed, 29 Oct 2025 06:57:37 GMT', 'content-type': 'application/x-amz-json-1.0', 'content-length': '136', 'connection': 'keep-alive'}, 'RetryAttempts': 0}}","chan":"stdout","logger":"task"}
{"timestamp":"2025-10-29T06:57:37.281994","level":"info","event":"Message received. Extracting receipt handle, word and order number.","logger":"airflow.task"}
{"timestamp":"2025-10-29T06:57:37.282216","level":"info","event":"word received: diligence.","logger":"airflow.task"}
{"timestamp":"2025-10-29T06:57:37.282308","level":"info","event":"order number received: 17","logger":"airflow.task"}
{"timestamp":"2025-10-29T06:57:37.282378","level":"info","event":"response handle received: AQEBQajrwlu3+vjGVs19VQ9dynUwANCKdlnjqJbWaE1BHFskLK7BYKgSPKID2eYBcBzeeb3ZpBU4+0bIrfWtVtMu2qNNk3mieCvrt8R7zftVqMrG2yuHh+3OIf43Vto5ZHz+C/xpjeu0B1TICE5fG7FfVM/tl54C68rd/tT+b6AqyBOrxfqhyyTkMcmLyAfoIcbQgQjer/1xP23tlCPXJqDuYDVBm0lYvHW5Cc82CAhqeBFQx8YSXq+QReSmojnR2Y/rFzKVsyQonaATEdls1DZkbq9yWFrrISXGWq1jD7bjZ0ttrAS8eHeSenLxZ8ooGRnwyfN1YUsB6OgiP08KUyds0ZxWXQ10is8vjwADvPOp4YNHsnWdKpgY13BtCpnn19RN","logger":"airflow.task"}
{"timestamp":"2025-10-29T06:57:37.315065","level":"info","event":"Message deleted","logger":"airflow.task"}
{"timestamp":"2025-10-29T06:57:37.343095","level":"info","event":"1 available. 12 left.","logger":"airflow.task"}
{"timestamp":"2025-10-29T06:57:37.343669Z","level":"info","event":"Response: {'Attributes': {'ApproximateNumberOfMessages': '1', 'ApproximateNumberOfMessagesNotVisible': '0', 'ApproximateNumberOfMessagesDelayed': '12'}, 'ResponseMetadata': {'RequestId': '8478a97a-f65e-51c8-87e7-c8014b7f939f', 'HTTPStatusCode': 200, 'HTTPHeaders': {'x-amzn-requestid': '8478a97a-f65e-51c8-87e7-c8014b7f939f', 'date': 'Wed, 29 Oct 2025 06:57:37 GMT', 'content-type': 'application/x-amz-json-1.0', 'content-length': '136', 'connection': 'keep-alive'}, 'RetryAttempts': 0}}","chan":"stdout","logger":"task"}
{"timestamp":"2025-10-29T06:57:47.373571","level":"info","event":"Messages empty. Pausing for 15sec","logger":"airflow.task"}
{"timestamp":"2025-10-29T06:58:02.412320","level":"info","event":"1 available. 12 left.","logger":"airflow.task"}
{"timestamp":"2025-10-29T06:58:02.413360Z","level":"info","event":"Response: {'Attributes': {'ApproximateNumberOfMessages': '1', 'ApproximateNumberOfMessagesNotVisible': '0', 'ApproximateNumberOfMessagesDelayed': '12'}, 'ResponseMetadata': {'RequestId': 'c64fc5dd-710d-561c-b60c-a4a6cc37244b', 'HTTPStatusCode': 200, 'HTTPHeaders': {'x-amzn-requestid': 'c64fc5dd-710d-561c-b60c-a4a6cc37244b', 'date': 'Wed, 29 Oct 2025 06:58:02 GMT', 'content-type': 'application/x-amz-json-1.0', 'content-length': '136', 'connection': 'keep-alive'}, 'RetryAttempts': 0}}","chan":"stdout","logger":"task"}
{"timestamp":"2025-10-29T06:58:12.444880","level":"info","event":"Messages empty. Pausing for 15sec","logger":"airflow.task"}
{"timestamp":"2025-10-29T06:58:27.480814","level":"info","event":"2 available. 10 left.","logger":"airflow.task"}
{"timestamp":"2025-10-29T06:58:27.481403Z","level":"info","event":"Response: {'Attributes': {'ApproximateNumberOfMessages': '2', 'ApproximateNumberOfMessagesNotVisible': '0', 'ApproximateNumberOfMessagesDelayed': '10'}, 'ResponseMetadata': {'RequestId': '3dcbd121-391e-5c46-87ee-b05a844dee11', 'HTTPStatusCode': 200, 'HTTPHeaders': {'x-amzn-requestid': '3dcbd121-391e-5c46-87ee-b05a844dee11', 'date': 'Wed, 29 Oct 2025 06:58:27 GMT', 'content-type': 'application/x-amz-json-1.0', 'content-length': '136', 'connection': 'keep-alive'}, 'RetryAttempts': 0}}","chan":"stdout","logger":"task"}
{"timestamp":"2025-10-29T06:58:27.513220","level":"info","event":"Message received. Extracting receipt handle, word and order number.","logger":"airflow.task"}
{"timestamp":"2025-10-29T06:58:27.513365","level":"info","event":"word received: Learning","logger":"airflow.task"}
{"timestamp":"2025-10-29T06:58:27.513423","level":"info","event":"order number received: 0","logger":"airflow.task"}
{"timestamp":"2025-10-29T06:58:27.513469","level":"info","event":"response handle received: AQEBH4ryWwiJw/5iUyyu5rUN8F1pBiKtC2IZ+btUx0Eox31JAJHAD0FQSCRuTnM6HIwBgq+w04CybOKEozn3GaBuGAZs8rOvnzHQMjEdZlg6+dTdRg7d9PxPNl47shIBTVUZugLFizv+3jI7GpUp8O6/VN4nc+DcdTlLvahINtEvjkYC4jIMh7YSJovIFychJSGGVPobhn4eOxOZtRPTYFU17RezYZgjIrT+Ud1FtttzNjdAhVmnLyNCTmmNvhY8/Sp8zJeh+Nqx1t5JNQvNd1Z4vMVugJ09f/qtleRvKVYYx6DmhzpGCwvjFO/qTm5jxTwt2wKRgv/fs2GJf6nfeAsT0Tdt0nyIqoGcLAL5MoXfDr3lAkNB82G4ESxfQUC4qROt","logger":"airflow.task"}
{"timestamp":"2025-10-29T06:58:27.540696","level":"info","event":"Message deleted","logger":"airflow.task"}
{"timestamp":"2025-10-29T06:58:27.565781","level":"info","event":"1 available. 10 left.","logger":"airflow.task"}
{"timestamp":"2025-10-29T06:58:27.566171Z","level":"info","event":"Response: {'Attributes': {'ApproximateNumberOfMessages': '1', 'ApproximateNumberOfMessagesNotVisible': '0', 'ApproximateNumberOfMessagesDelayed': '10'}, 'ResponseMetadata': {'RequestId': '87b5dd4c-5038-50de-ac8e-bc37ed6cf289', 'HTTPStatusCode': 200, 'HTTPHeaders': {'x-amzn-requestid': '87b5dd4c-5038-50de-ac8e-bc37ed6cf289', 'date': 'Wed, 29 Oct 2025 06:58:28 GMT', 'content-type': 'application/x-amz-json-1.0', 'content-length': '136', 'connection': 'keep-alive'}, 'RetryAttempts': 0}}","chan":"stdout","logger":"task"}
{"timestamp":"2025-10-29T06:58:28.791620","level":"info","event":"Message received. Extracting receipt handle, word and order number.","logger":"airflow.task"}
{"timestamp":"2025-10-29T06:58:28.791797","level":"info","event":"word received: sought","logger":"airflow.task"}
{"timestamp":"2025-10-29T06:58:28.791888","level":"info","event":"order number received: 9","logger":"airflow.task"}
{"timestamp":"2025-10-29T06:58:28.791955","level":"info","event":"response handle received: AQEBfKLrEXwAEhVVDjuNzjk+9Fc/EjuOEHthd3lpXUPCz2hscC/oBi6tsKROTIzYkV3aZrTfO8ygSASAz1KzyE4JyOF6W0+2v6aOMafBdB2zPglFbpuZygU6gMF7Lezv/6u2VhjnxPDD4uMgvY0en5HCJSs8r9v/8w5u5jcPxivW2rK6Ad3CyEfvk+aMrRoTmcBxtb7tzjjqiP1cEm9Z3JnO8pP1UWrKyG0S1ZGmPrZxiHkdE9R/Zr1Eh8J8rKXlDXSkbLdKkpN7epHfpyzSNEyvxim2sphUrZ8SqAytAHUaCJu07PlDlER0knyfHoHXqO07Pd8t0K+42LKzSVNRomNhTAtp+L6R3/JmZ7yzeyEZ8zYwtIRiGvqU1XkaWpr5LaYh","logger":"airflow.task"}
{"timestamp":"2025-10-29T06:58:28.820587","level":"info","event":"Message deleted","logger":"airflow.task"}
{"timestamp":"2025-10-29T06:58:28.847251","level":"info","event":"0 available. 12 left.","logger":"airflow.task"}
{"timestamp":"2025-10-29T06:58:28.847768Z","level":"info","event":"Response: {'Attributes': {'ApproximateNumberOfMessages': '0', 'ApproximateNumberOfMessagesNotVisible': '0', 'ApproximateNumberOfMessagesDelayed': '12'}, 'ResponseMetadata': {'RequestId': 'f6a46f16-fd70-5978-8fb4-0e6d40253b2f', 'HTTPStatusCode': 200, 'HTTPHeaders': {'x-amzn-requestid': 'f6a46f16-fd70-5978-8fb4-0e6d40253b2f', 'date': 'Wed, 29 Oct 2025 06:58:29 GMT', 'content-type': 'application/x-amz-json-1.0', 'content-length': '136', 'connection': 'keep-alive'}, 'RetryAttempts': 0}}","chan":"stdout","logger":"task"}
{"timestamp":"2025-10-29T06:58:38.879358","level":"info","event":"Messages empty. Pausing for 15sec","logger":"airflow.task"}
{"timestamp":"2025-10-29T06:58:53.915199","level":"info","event":"0 available. 10 left.","logger":"airflow.task"}
{"timestamp":"2025-10-29T06:58:53.915727Z","level":"info","event":"Response: {'Attributes': {'ApproximateNumberOfMessages': '0', 'ApproximateNumberOfMessagesNotVisible': '0', 'ApproximateNumberOfMessagesDelayed': '10'}, 'ResponseMetadata': {'RequestId': 'a1eb9d61-865f-53e4-8129-fc1a3b3121b3', 'HTTPStatusCode': 200, 'HTTPHeaders': {'x-amzn-requestid': 'a1eb9d61-865f-53e4-8129-fc1a3b3121b3', 'date': 'Wed, 29 Oct 2025 06:58:54 GMT', 'content-type': 'application/x-amz-json-1.0', 'content-length': '136', 'connection': 'keep-alive'}, 'RetryAttempts': 0}}","chan":"stdout","logger":"task"}
{"timestamp":"2025-10-29T06:59:03.943535","level":"info","event":"Messages empty. Pausing for 15sec","logger":"airflow.task"}
{"timestamp":"2025-10-29T06:59:18.973910","level":"info","event":"1 available. 10 left.","logger":"airflow.task"}
{"timestamp":"2025-10-29T06:59:18.974606Z","level":"info","event":"Response: {'Attributes': {'ApproximateNumberOfMessages': '1', 'ApproximateNumberOfMessagesNotVisible': '0', 'ApproximateNumberOfMessagesDelayed': '10'}, 'ResponseMetadata': {'RequestId': '38c2d13f-8a43-5008-9fb2-b04437c4025f', 'HTTPStatusCode': 200, 'HTTPHeaders': {'x-amzn-requestid': '38c2d13f-8a43-5008-9fb2-b04437c4025f', 'date': 'Wed, 29 Oct 2025 06:59:19 GMT', 'content-type': 'application/x-amz-json-1.0', 'content-length': '136', 'connection': 'keep-alive'}, 'RetryAttempts': 0}}","chan":"stdout","logger":"task"}
{"timestamp":"2025-10-29T06:59:29.006870","level":"info","event":"Messages empty. Pausing for 15sec","logger":"airflow.task"}
{"timestamp":"2025-10-29T06:59:44.100950","level":"info","event":"0 available. 10 left.","logger":"airflow.task"}
{"timestamp":"2025-10-29T06:59:44.126697Z","level":"info","event":"Response: {'Attributes': {'ApproximateNumberOfMessages': '0', 'ApproximateNumberOfMessagesNotVisible': '0', 'ApproximateNumberOfMessagesDelayed': '10'}, 'ResponseMetadata': {'RequestId': '9d5f2028-2122-5cf6-8201-41539c824ea1', 'HTTPStatusCode': 200, 'HTTPHeaders': {'x-amzn-requestid': '9d5f2028-2122-5cf6-8201-41539c824ea1', 'date': 'Wed, 29 Oct 2025 06:59:44 GMT', 'content-type': 'application/x-amz-json-1.0', 'content-length': '136', 'connection': 'keep-alive'}, 'RetryAttempts': 0}}","chan":"stdout","logger":"task"}
{"timestamp":"2025-10-29T06:59:52.299609","level":"info","event":"Message received. Extracting receipt handle, word and order number.","logger":"airflow.task"}
{"timestamp":"2025-10-29T06:59:52.299924","level":"info","event":"word received: Adams","logger":"airflow.task"}
{"timestamp":"2025-10-29T06:59:52.300060","level":"info","event":"order number received: 20","logger":"airflow.task"}
{"timestamp":"2025-10-29T06:59:52.300163","level":"info","event":"response handle received: AQEBxGdXak1suJIWQEEGx7eKAS7Q3iX46bs83JN0GxwFX32GAbqH7Z7Q+ID0vUyiPdXNxJKGM/mYaX+gWFbGPT88i8YqIbNsGxvCVBAXet2/GR+a7eg3kJlb7eoS6TxikN4KP22/9VChJmWfrWD4ENlhsYLUHw9qbGpP+3/o6WFaFW+2vI3qY5gjrfzpKLL8FTvGuZ7Hng7tHk1P7ERtMullmD31m3FHp84q8PgPlSXwsMwJIXbXflE7Mz3p1+t+LNJ+LhIJrcgPoX5o9xz1/pCkBEB1gllVFD+sqE10WXmxSVdef3PPdR1fZCijo3sIH1YVkY7yGoQaCiNwQEx1QGHkiwOlUanbVFsPLYdwO284lyL10ApKrFslTSLaqxw+zwAH","logger":"airflow.task"}
{"timestamp":"2025-10-29T06:59:52.329797","level":"info","event":"Message deleted","logger":"airflow.task"}
{"timestamp":"2025-10-29T06:59:52.358111","level":"info","event":"0 available. 9 left.","logger":"airflow.task"}
{"timestamp":"2025-10-29T06:59:52.358857Z","level":"info","event":"Response: {'Attributes': {'ApproximateNumberOfMessages': '0', 'ApproximateNumberOfMessagesNotVisible': '0', 'ApproximateNumberOfMessagesDelayed': '9'}, 'ResponseMetadata': {'RequestId': '13d38b9b-e72f-5d9b-a27d-eae05a875fcc', 'HTTPStatusCode': 200, 'HTTPHeaders': {'x-amzn-requestid': '13d38b9b-e72f-5d9b-a27d-eae05a875fcc', 'date': 'Wed, 29 Oct 2025 06:59:52 GMT', 'content-type': 'application/x-amz-json-1.0', 'content-length': '135', 'connection': 'keep-alive'}, 'RetryAttempts': 0}}","chan":"stdout","logger":"task"}
{"timestamp":"2025-10-29T07:00:02.390230","level":"info","event":"Messages empty. Pausing for 15sec","logger":"airflow.task"}
{"timestamp":"2025-10-29T07:00:17.858858","level":"info","event":"0 available. 9 left.","logger":"airflow.task"}
{"timestamp":"2025-10-29T07:00:17.860115Z","level":"info","event":"Response: {'Attributes': {'ApproximateNumberOfMessages': '0', 'ApproximateNumberOfMessagesNotVisible': '0', 'ApproximateNumberOfMessagesDelayed': '9'}, 'ResponseMetadata': {'RequestId': 'ac834b0a-ac9d-5b33-9f01-2a71115fcb75', 'HTTPStatusCode': 200, 'HTTPHeaders': {'x-amzn-requestid': 'ac834b0a-ac9d-5b33-9f01-2a71115fcb75', 'date': 'Wed, 29 Oct 2025 07:00:18 GMT', 'content-type': 'application/x-amz-json-1.0', 'content-length': '135', 'connection': 'keep-alive'}, 'RetryAttempts': 0}}","chan":"stdout","logger":"task"}
{"timestamp":"2025-10-29T07:00:27.887048","level":"info","event":"Messages empty. Pausing for 15sec","logger":"airflow.task"}
{"timestamp":"2025-10-29T07:00:42.926465","level":"info","event":"0 available. 9 left.","logger":"airflow.task"}
{"timestamp":"2025-10-29T07:00:42.927280Z","level":"info","event":"Response: {'Attributes': {'ApproximateNumberOfMessages': '0', 'ApproximateNumberOfMessagesNotVisible': '0', 'ApproximateNumberOfMessagesDelayed': '9'}, 'ResponseMetadata': {'RequestId': '68f3d531-c0e9-5863-af7e-b44a7d326825', 'HTTPStatusCode': 200, 'HTTPHeaders': {'x-amzn-requestid': '68f3d531-c0e9-5863-af7e-b44a7d326825', 'date': 'Wed, 29 Oct 2025 07:00:43 GMT', 'content-type': 'application/x-amz-json-1.0', 'content-length': '135', 'connection': 'keep-alive'}, 'RetryAttempts': 0}}","chan":"stdout","logger":"task"}
{"timestamp":"2025-10-29T07:00:52.955484","level":"info","event":"Messages empty. Pausing for 15sec","logger":"airflow.task"}
{"timestamp":"2025-10-29T07:01:07.990064","level":"info","event":"0 available. 9 left.","logger":"airflow.task"}
{"timestamp":"2025-10-29T07:01:07.990711Z","level":"info","event":"Response: {'Attributes': {'ApproximateNumberOfMessages': '0', 'ApproximateNumberOfMessagesNotVisible': '0', 'ApproximateNumberOfMessagesDelayed': '9'}, 'ResponseMetadata': {'RequestId': 'a4bdd344-55f0-5904-9483-b23fe8040942', 'HTTPStatusCode': 200, 'HTTPHeaders': {'x-amzn-requestid': 'a4bdd344-55f0-5904-9483-b23fe8040942', 'date': 'Wed, 29 Oct 2025 07:01:08 GMT', 'content-type': 'application/x-amz-json-1.0', 'content-length': '135', 'connection': 'keep-alive'}, 'RetryAttempts': 0}}","chan":"stdout","logger":"task"}
{"timestamp":"2025-10-29T07:01:18.025096","level":"info","event":"Messages empty. Pausing for 15sec","logger":"airflow.task"}
{"timestamp":"2025-10-29T07:01:33.054532","level":"info","event":"0 available. 9 left.","logger":"airflow.task"}
{"timestamp":"2025-10-29T07:01:33.055800Z","level":"info","event":"Response: {'Attributes': {'ApproximateNumberOfMessages': '0', 'ApproximateNumberOfMessagesNotVisible': '0', 'ApproximateNumberOfMessagesDelayed': '9'}, 'ResponseMetadata': {'RequestId': '8ed57f94-6c0e-5935-9bdf-1eefd2033973', 'HTTPStatusCode': 200, 'HTTPHeaders': {'x-amzn-requestid': '8ed57f94-6c0e-5935-9bdf-1eefd2033973', 'date': 'Wed, 29 Oct 2025 07:01:33 GMT', 'content-type': 'application/x-amz-json-1.0', 'content-length': '135', 'connection': 'keep-alive'}, 'RetryAttempts': 0}}","chan":"stdout","logger":"task"}
{"timestamp":"2025-10-29T07:01:38.788908","level":"info","event":"Message received. Extracting receipt handle, word and order number.","logger":"airflow.task"}
{"timestamp":"2025-10-29T07:01:38.789064","level":"info","event":"word received: chance,","logger":"airflow.task"}
{"timestamp":"2025-10-29T07:01:38.789125","level":"info","event":"order number received: 5","logger":"airflow.task"}
{"timestamp":"2025-10-29T07:01:38.789172","level":"info","event":"response handle received: AQEBYyoAhN/rXfNw/Vc2coBkR0VVPnNsI7eWPewWpMMh/5QAn5bNGR7CzIrOG2buxIt5lntyTvA7YMkp+JMYOoQd+M9oVOxQZFUHt0yueDd3JE46dcIuMts75c1vwDyBAeoiqKnP6VEW/nzD8Jpdkt3NXenXLTCB1OPbhmlGUKfPWuubpJ8gVMLkodN8fNxkVhgsJ9d0d6TBbT0paQ7MIFl1Ty9BpHrTzRsiP3BAuMk3Vxhm9DDwyvcZBQ178x3Mv8SwBoB9tlxq+lne2hlhcotD+GCA9DN0iqLipPJ5jVpihct1jm7Q18eY+XqDQbCQRb8o+ntOcv7QjVih0Si6XcqO+046CQxmQ9rOroUt3DNCRcZZ+RffZUQwkOt/Jh8m1Ca0","logger":"airflow.task"}
{"timestamp":"2025-10-29T07:01:38.819289","level":"info","event":"Message deleted","logger":"airflow.task"}
{"timestamp":"2025-10-29T07:01:38.857536","level":"info","event":"0 available. 8 left.","logger":"airflow.task"}
{"timestamp":"2025-10-29T07:01:38.858389Z","level":"info","event":"Response: {'Attributes': {'ApproximateNumberOfMessages': '0', 'ApproximateNumberOfMessagesNotVisible': '0', 'ApproximateNumberOfMessagesDelayed': '8'}, 'ResponseMetadata': {'RequestId': '288ad96d-f132-59ee-86d7-b8164f2159a8', 'HTTPStatusCode': 200, 'HTTPHeaders': {'x-amzn-requestid': '288ad96d-f132-59ee-86d7-b8164f2159a8', 'date': 'Wed, 29 Oct 2025 07:01:39 GMT', 'content-type': 'application/x-amz-json-1.0', 'content-length': '135', 'connection': 'keep-alive'}, 'RetryAttempts': 0}}","chan":"stdout","logger":"task"}
{"timestamp":"2025-10-29T07:01:44.260690","level":"info","event":"Message received. Extracting receipt handle, word and order number.","logger":"airflow.task"}
{"timestamp":"2025-10-29T07:01:44.260852","level":"info","event":"word received: Abigal","logger":"airflow.task"}
{"timestamp":"2025-10-29T07:01:44.260913","level":"info","event":"order number received: 19","logger":"airflow.task"}
{"timestamp":"2025-10-29T07:01:44.260959","level":"info","event":"response handle received: AQEBnCBn4GEDaVyQcKlAxYKiMT0OI+yw2S5BnAF3sGzAcEv/5bT5HwPM8bEij7VSxBzwDvFYyZmE8Zcv/bOtbmL+oHF/CYFbCH95HFzAqrczaB7QgByf0rdrzUuCouXqcG3jS46c6wtVJYIVm2w+6hDjdP6A88zA0t4enAt6ijxXfHiZqFCHUihA86RccSY2NjRHDIfI8bXTzNN4mw5vLLRGgvsRUpV43/IYuzOgp80d1h9QQpdlDD5v8/VDkHKClWzO9me/+bkKO1xewugsffy0WdoyzYnF/MnzGoqa0VUgmpgfCQ151E/ZFSckMhxmYgEbw41e6n3nBKdXsD2Isslvtn4+Y4l7P0U8UDqkbtz2KX+nAlFLldmohlXx8M2n3kGU","logger":"airflow.task"}
{"timestamp":"2025-10-29T07:01:44.286376","level":"info","event":"Message deleted","logger":"airflow.task"}
{"timestamp":"2025-10-29T07:01:44.309165","level":"info","event":"0 available. 9 left.","logger":"airflow.task"}
{"timestamp":"2025-10-29T07:01:44.309566Z","level":"info","event":"Response: {'Attributes': {'ApproximateNumberOfMessages': '0', 'ApproximateNumberOfMessagesNotVisible': '0', 'ApproximateNumberOfMessagesDelayed': '9'}, 'ResponseMetadata': {'RequestId': '1df756c7-2c35-5033-bdb6-37bc922d7075', 'HTTPStatusCode': 200, 'HTTPHeaders': {'x-amzn-requestid': '1df756c7-2c35-5033-bdb6-37bc922d7075', 'date': 'Wed, 29 Oct 2025 07:01:44 GMT', 'content-type': 'application/x-amz-json-1.0', 'content-length': '135', 'connection': 'keep-alive'}, 'RetryAttempts': 0}}","chan":"stdout","logger":"task"}
{"timestamp":"2025-10-29T07:01:47.651552","level":"info","event":"Message received. Extracting receipt handle, word and order number.","logger":"airflow.task"}
{"timestamp":"2025-10-29T07:01:47.651781","level":"info","event":"word received: attained","logger":"airflow.task"}
{"timestamp":"2025-10-29T07:01:47.651875","level":"info","event":"order number received: 3","logger":"airflow.task"}
{"timestamp":"2025-10-29T07:01:47.651947","level":"info","event":"response handle received: AQEBaZMWZlY1EN8pJTzsmhe1VgRZL3RFPQ3JTl5OKoqmH+UndWMym6as2HwLXgZ8kRhWr5jJHZzYV9NMYb5XFKlaFg4XZ8tpbrjIbRm/atCJVlhNzPmtm9HarnZTk0tV6Cgs+xd6VZkHUnfw1LTK4BNpIQn39EuQL0gBEG2W+aE5HE/likph5G72Zu7eMMBKLKHAnHz6MIEvb+I3Jn/oNKNE0O9OPcZOTR++Km3fqSH0qiZONklFlbSm+4j9ZvRRzIwSJ2tLId+nfDXjF3wgk/pQ7uFgkZ4e3cH2QUTKj2UsAXREisA3sEuf640j/ZTr2ATSkp0O5FBP7L92OnSj1IIDEDze2dmBtwVz+rgFgGuKc/+XIZakQtpNx3wkSLgA43YT","logger":"airflow.task"}
{"timestamp":"2025-10-29T07:01:47.680640","level":"info","event":"Message deleted","logger":"airflow.task"}
{"timestamp":"2025-10-29T07:01:47.707204","level":"info","event":"0 available. 6 left.","logger":"airflow.task"}
{"timestamp":"2025-10-29T07:01:47.707616Z","level":"info","event":"Response: {'Attributes': {'ApproximateNumberOfMessages': '0', 'ApproximateNumberOfMessagesNotVisible': '0', 'ApproximateNumberOfMessagesDelayed': '6'}, 'ResponseMetadata': {'RequestId': '7fa26cf3-c7f2-5900-a5d6-0d8879ee2946', 'HTTPStatusCode': 200, 'HTTPHeaders': {'x-amzn-requestid': '7fa26cf3-c7f2-5900-a5d6-0d8879ee2946', 'date': 'Wed, 29 Oct 2025 07:01:48 GMT', 'content-type': 'application/x-amz-json-1.0', 'content-length': '135', 'connection': 'keep-alive'}, 'RetryAttempts': 0}}","chan":"stdout","logger":"task"}
{"timestamp":"2025-10-29T07:01:57.738588","level":"info","event":"Messages empty. Pausing for 15sec","logger":"airflow.task"}
{"timestamp":"2025-10-29T07:02:12.776569","level":"info","event":"0 available. 9 left.","logger":"airflow.task"}
{"timestamp":"2025-10-29T07:02:12.777245Z","level":"info","event":"Response: {'Attributes': {'ApproximateNumberOfMessages': '0', 'ApproximateNumberOfMessagesNotVisible': '0', 'ApproximateNumberOfMessagesDelayed': '9'}, 'ResponseMetadata': {'RequestId': '61a72c40-484c-57a3-988d-4d3bf67917e5', 'HTTPStatusCode': 200, 'HTTPHeaders': {'x-amzn-requestid': '61a72c40-484c-57a3-988d-4d3bf67917e5', 'date': 'Wed, 29 Oct 2025 07:02:13 GMT', 'content-type': 'application/x-amz-json-1.0', 'content-length': '135', 'connection': 'keep-alive'}, 'RetryAttempts': 0}}","chan":"stdout","logger":"task"}
{"timestamp":"2025-10-29T07:02:22.804643","level":"info","event":"Messages empty. Pausing for 15sec","logger":"airflow.task"}
{"timestamp":"2025-10-29T07:02:37.839145","level":"info","event":"0 available. 6 left.","logger":"airflow.task"}
{"timestamp":"2025-10-29T07:02:37.839661Z","level":"info","event":"Response: {'Attributes': {'ApproximateNumberOfMessages': '0', 'ApproximateNumberOfMessagesNotVisible': '0', 'ApproximateNumberOfMessagesDelayed': '6'}, 'ResponseMetadata': {'RequestId': 'caf8f974-68f2-5cba-9484-980fd6bcccfc', 'HTTPStatusCode': 200, 'HTTPHeaders': {'x-amzn-requestid': 'caf8f974-68f2-5cba-9484-980fd6bcccfc', 'date': 'Wed, 29 Oct 2025 07:02:38 GMT', 'content-type': 'application/x-amz-json-1.0', 'content-length': '135', 'connection': 'keep-alive'}, 'RetryAttempts': 0}}","chan":"stdout","logger":"task"}
{"timestamp":"2025-10-29T07:02:47.872984","level":"info","event":"Messages empty. Pausing for 15sec","logger":"airflow.task"}
{"timestamp":"2025-10-29T07:03:02.907311","level":"info","event":"0 available. 6 left.","logger":"airflow.task"}
{"timestamp":"2025-10-29T07:03:02.908023Z","level":"info","event":"Response: {'Attributes': {'ApproximateNumberOfMessages': '0', 'ApproximateNumberOfMessagesNotVisible': '0', 'ApproximateNumberOfMessagesDelayed': '6'}, 'ResponseMetadata': {'RequestId': '148a0c65-ab3a-53e9-a8b6-6d1e155df3af', 'HTTPStatusCode': 200, 'HTTPHeaders': {'x-amzn-requestid': '148a0c65-ab3a-53e9-a8b6-6d1e155df3af', 'date': 'Wed, 29 Oct 2025 07:03:03 GMT', 'content-type': 'application/x-amz-json-1.0', 'content-length': '135', 'connection': 'keep-alive'}, 'RetryAttempts': 0}}","chan":"stdout","logger":"task"}
{"timestamp":"2025-10-29T07:03:12.945342","level":"info","event":"Messages empty. Pausing for 15sec","logger":"airflow.task"}
{"timestamp":"2025-10-29T07:03:28.048077","level":"info","event":"1 available. 5 left.","logger":"airflow.task"}
{"timestamp":"2025-10-29T07:03:28.048898Z","level":"info","event":"Response: {'Attributes': {'ApproximateNumberOfMessages': '1', 'ApproximateNumberOfMessagesNotVisible': '0', 'ApproximateNumberOfMessagesDelayed': '5'}, 'ResponseMetadata': {'RequestId': '7622416e-3b09-5668-a1d1-20158589562e', 'HTTPStatusCode': 200, 'HTTPHeaders': {'x-amzn-requestid': '7622416e-3b09-5668-a1d1-20158589562e', 'date': 'Wed, 29 Oct 2025 07:03:28 GMT', 'content-type': 'application/x-amz-json-1.0', 'content-length': '135', 'connection': 'keep-alive'}, 'RetryAttempts': 0}}","chan":"stdout","logger":"task"}
{"timestamp":"2025-10-29T07:03:28.143944","level":"info","event":"Message received. Extracting receipt handle, word and order number.","logger":"airflow.task"}
{"timestamp":"2025-10-29T07:03:28.144299","level":"info","event":"word received: attended","logger":"airflow.task"}
{"timestamp":"2025-10-29T07:03:28.144447","level":"info","event":"order number received: 14","logger":"airflow.task"}
{"timestamp":"2025-10-29T07:03:28.144549","level":"info","event":"response handle received: AQEBIK+Y9ky2tSsBMXnqLUl6tAQfn/pCOk45cuodIhfTRukhDDYh8YnfzdjL2DQo4mmrSwEkljXasRCjdpc/Nidyi6WKZkkaH5joKHKwiQsvBtj2g1FG+qqoGxb0rr5xrwV0itjKCAAbDgEex0uINfFOiKeVyiRcEOdwXsDNXaBQXOnjXnz4f7ti1UY/cCB6m1jpQfCBe+B1M2YGlu/P83RCrOD6+rfOqUyN9atHJb+rb6/x/Aa125BsfelS4br4X1cstV3tj6/LvZ2Otqrlq3OCNwCAopdiwOT1GFp5Rtx1f0Rx+57ohrjcGc6cPo0Ny2FT4SO6sNgQaVU7Iy6ygvsBUe8fGFzMmZuCdP+jRviv2jPBGyRW5NgoMEiKZhMZhbWe","logger":"airflow.task"}
{"timestamp":"2025-10-29T07:03:28.173183","level":"info","event":"Message deleted","logger":"airflow.task"}
{"timestamp":"2025-10-29T07:03:28.208543","level":"info","event":"0 available. 6 left.","logger":"airflow.task"}
{"timestamp":"2025-10-29T07:03:28.209623Z","level":"info","event":"Response: {'Attributes': {'ApproximateNumberOfMessages': '0', 'ApproximateNumberOfMessagesNotVisible': '0', 'ApproximateNumberOfMessagesDelayed': '6'}, 'ResponseMetadata': {'RequestId': 'b5a3037f-b900-5ff9-8ad1-62040780cfbf', 'HTTPStatusCode': 200, 'HTTPHeaders': {'x-amzn-requestid': 'b5a3037f-b900-5ff9-8ad1-62040780cfbf', 'date': 'Wed, 29 Oct 2025 07:03:28 GMT', 'content-type': 'application/x-amz-json-1.0', 'content-length': '135', 'connection': 'keep-alive'}, 'RetryAttempts': 0}}","chan":"stdout","logger":"task"}
{"timestamp":"2025-10-29T07:03:34.796404","level":"info","event":"Message received. Extracting receipt handle, word and order number.","logger":"airflow.task"}
{"timestamp":"2025-10-29T07:03:34.796581","level":"info","event":"word received: it","logger":"airflow.task"}
{"timestamp":"2025-10-29T07:03:34.796651","level":"info","event":"order number received: 6","logger":"airflow.task"}
{"timestamp":"2025-10-29T07:03:34.796702","level":"info","event":"response handle received: AQEBSLLdv5rKMl4CD7v6EYkBjK+fVPz4Kw45+CZApHYBXeICvFg+AU94wrsmeFHiusCu/WEStTzdhTWl/wuooGIXbM56GvvfnwMwMOs7sG5x//IRwrzGsTDzmAtI1MvCILRzCMddyLpc2j821LjRynXY9v/Cp8OuJPDfa6K5+/KgDnBCETy0EU2Z7iOIUOkb/D1AhpzaQmXxIcuVT965WXlselugij+qq0QudTFbKsauLx4eA0PTXTVHPTgTb0juA7rVqP0HH11+aTzFCp6YJbaui3Mweb40TTlvjLJpMGLAJMYlUfnhdJlPv9ba8tdbNrkc7WpM68W/CuzTCSnp2ckbvpz6mzj7vIbJLsPT/Ier220DW2CYtFdGVgiMIq+mNF3/","logger":"airflow.task"}
{"timestamp":"2025-10-29T07:03:34.828414","level":"info","event":"Message deleted","logger":"airflow.task"}
{"timestamp":"2025-10-29T07:03:34.852989","level":"info","event":"1 available. 5 left.","logger":"airflow.task"}
{"timestamp":"2025-10-29T07:03:34.853665Z","level":"info","event":"Response: {'Attributes': {'ApproximateNumberOfMessages': '1', 'ApproximateNumberOfMessagesNotVisible': '0', 'ApproximateNumberOfMessagesDelayed': '5'}, 'ResponseMetadata': {'RequestId': 'c8f31162-ab69-578f-ac44-701915ee57c9', 'HTTPStatusCode': 200, 'HTTPHeaders': {'x-amzn-requestid': 'c8f31162-ab69-578f-ac44-701915ee57c9', 'date': 'Wed, 29 Oct 2025 07:03:35 GMT', 'content-type': 'application/x-amz-json-1.0', 'content-length': '135', 'connection': 'keep-alive'}, 'RetryAttempts': 0}}","chan":"stdout","logger":"task"}
{"timestamp":"2025-10-29T07:03:44.136993","level":"info","event":"Message received. Extracting receipt handle, word and order number.","logger":"airflow.task"}
{"timestamp":"2025-10-29T07:03:44.137163","level":"info","event":"word received: to","logger":"airflow.task"}
{"timestamp":"2025-10-29T07:03:44.137228","level":"info","event":"order number received: 15","logger":"airflow.task"}
{"timestamp":"2025-10-29T07:03:44.137277","level":"info","event":"response handle received: AQEBEzeB4FkYq0TCMBwdRUwvBMUV4sZu7hLZV711ARPMug41yJTKbwqe6bg/Gnh2YJ8KQeFKU51H4w8rDG1rpvrHLvcWUuFC11BSKoFBxDlYSsgMHP3U/P1sfrobVGqjU1wHNWlyc8rJaxSKWRJwG0wxWg1Hhrht20ITtpUg0FE7TwL3qoQjpQp5kdIoEumWJYMRjTziy37117P7IToy5nIy0shfIH8vXox2FXt2ykVk6N+MeJ14rRAeaS0ioC1+0qqdf3NmFfvhlZAS8As4xmS3ood8O7V7YuWHL1vfAuLkK+jJGB2DH3ybxgTxPfhCPbSHX28V5xANGjmzpi4bkRfr9Oz2Edd3SibDpVyb4G8xFxs3IP0CUTMn9iicTn5dp3JC","logger":"airflow.task"}
{"timestamp":"2025-10-29T07:03:44.161462","level":"info","event":"Message deleted","logger":"airflow.task"}
{"timestamp":"2025-10-29T07:03:44.192194","level":"info","event":"0 available. 5 left.","logger":"airflow.task"}
{"timestamp":"2025-10-29T07:03:44.192618Z","level":"info","event":"Response: {'Attributes': {'ApproximateNumberOfMessages': '0', 'ApproximateNumberOfMessagesNotVisible': '0', 'ApproximateNumberOfMessagesDelayed': '5'}, 'ResponseMetadata': {'RequestId': '02849a9f-23cf-558c-884b-fbe49d5fb5ca', 'HTTPStatusCode': 200, 'HTTPHeaders': {'x-amzn-requestid': '02849a9f-23cf-558c-884b-fbe49d5fb5ca', 'date': 'Wed, 29 Oct 2025 07:03:44 GMT', 'content-type': 'application/x-amz-json-1.0', 'content-length': '135', 'connection': 'keep-alive'}, 'RetryAttempts': 0}}","chan":"stdout","logger":"task"}
{"timestamp":"2025-10-29T07:03:54.224890","level":"info","event":"Messages empty. Pausing for 15sec","logger":"airflow.task"}
{"timestamp":"2025-10-29T07:04:09.262967","level":"info","event":"0 available. 3 left.","logger":"airflow.task"}
{"timestamp":"2025-10-29T07:04:09.263957Z","level":"info","event":"Response: {'Attributes': {'ApproximateNumberOfMessages': '0', 'ApproximateNumberOfMessagesNotVisible': '0', 'ApproximateNumberOfMessagesDelayed': '3'}, 'ResponseMetadata': {'RequestId': 'ab351ba6-8271-5539-93f1-7add3cd8b57f', 'HTTPStatusCode': 200, 'HTTPHeaders': {'x-amzn-requestid': 'ab351ba6-8271-5539-93f1-7add3cd8b57f', 'date': 'Wed, 29 Oct 2025 07:04:09 GMT', 'content-type': 'application/x-amz-json-1.0', 'content-length': '135', 'connection': 'close'}, 'RetryAttempts': 0}}","chan":"stdout","logger":"task"}
{"timestamp":"2025-10-29T07:04:12.956282","level":"info","event":"Message received. Extracting receipt handle, word and order number.","logger":"airflow.task"}
{"timestamp":"2025-10-29T07:04:12.956436","level":"info","event":"word received: with","logger":"airflow.task"}
{"timestamp":"2025-10-29T07:04:12.956494","level":"info","event":"order number received: 11","logger":"airflow.task"}
{"timestamp":"2025-10-29T07:04:12.956538","level":"info","event":"response handle received: AQEBEIoiSbd+F8ugzaqdssBX1XhMKqj8vLCf1MadqA9bR+mXoU98BxN5B1fdE1jQxaz7ETiTL1cql0b+nkfTmZnzv0eQMVJA+dOYeXurbB+ig6nsXpVq8Se6XMr1r6TrRRFdsWarQmYj3lMiMLmKY+2dZobaU56SnD+R06RDr2HpCl5GBn5ZMxlkbeICCQ5ckiewdE+3EloKyMWFcJ2ZO6GkGMJFyFokiAh47YVdFalYvsBO9eiOfYrvPIMQmXoSfCorOG22qEygHC1VPENS9dhdb85ZMP5XCDumv9C/bKeuuDDgZ8ajcxZV9mUkHlG4/TwNPYS4G69EzMp+9rdZ1vk5XiJECdNqQiC+lEiiGWotwRnyhFeOWjWWFQCDqPQt5Dxd","logger":"airflow.task"}
{"timestamp":"2025-10-29T07:04:12.990842","level":"info","event":"Message deleted","logger":"airflow.task"}
{"timestamp":"2025-10-29T07:04:13.028215","level":"info","event":"0 available. 2 left.","logger":"airflow.task"}
{"timestamp":"2025-10-29T07:04:13.029017Z","level":"info","event":"Response: {'Attributes': {'ApproximateNumberOfMessages': '0', 'ApproximateNumberOfMessagesNotVisible': '0', 'ApproximateNumberOfMessagesDelayed': '2'}, 'ResponseMetadata': {'RequestId': '9da8aa36-d1d6-57b8-9016-cb4d6f7bee72', 'HTTPStatusCode': 200, 'HTTPHeaders': {'x-amzn-requestid': '9da8aa36-d1d6-57b8-9016-cb4d6f7bee72', 'date': 'Wed, 29 Oct 2025 07:04:13 GMT', 'content-type': 'application/x-amz-json-1.0', 'content-length': '135', 'connection': 'keep-alive'}, 'RetryAttempts': 0}}","chan":"stdout","logger":"task"}
{"timestamp":"2025-10-29T07:04:14.602071","level":"info","event":"Message received. Extracting receipt handle, word and order number.","logger":"airflow.task"}
{"timestamp":"2025-10-29T07:04:14.602248","level":"info","event":"word received: is","logger":"airflow.task"}
{"timestamp":"2025-10-29T07:04:14.602312","level":"info","event":"order number received: 1","logger":"airflow.task"}
{"timestamp":"2025-10-29T07:04:14.602364","level":"info","event":"response handle received: AQEBuT3FSQ8DQjaQ6SgSkb9VSUZ69gZYx8Y6y2jTHeK75YjVs5o2qes8E9N0upaKSs4nfY3dyph6lpiQ/cIxHEbDFkw2S/SCpRib418oO9qqMEMxcqtSSrZjwVN76Xr9tQZtf08MZj0//jJFoL31fw+qXTH2cL0dUZtpCJlYMhq8fXCrUeG6x6FqvGkOVfOk5stAkXj0nvTmz0qEm9sNIzv3PJi/lOPObjcCufcZYO2Q7A4kt+2deveGnXr8V7t5yFUwuDGcQk6AFwfx9Xjzq8nwp412YTpnrfHMWiNmk0yVHW16HCyVgDjJfJLtHIL5J7X/wZuyVzH6RzLSXdv8fcKI7rgZjDf5IAIpWZPRa4Ou3MLlR/xt0MezVVsCSP/3svJ7","logger":"airflow.task"}
{"timestamp":"2025-10-29T07:04:14.632421","level":"info","event":"Message deleted","logger":"airflow.task"}
{"timestamp":"2025-10-29T07:04:14.655787","level":"info","event":"0 available. 2 left.","logger":"airflow.task"}
{"timestamp":"2025-10-29T07:04:14.656245Z","level":"info","event":"Response: {'Attributes': {'ApproximateNumberOfMessages': '0', 'ApproximateNumberOfMessagesNotVisible': '0', 'ApproximateNumberOfMessagesDelayed': '2'}, 'ResponseMetadata': {'RequestId': '9e6d917d-2a47-5859-b6a1-f00694e8c193', 'HTTPStatusCode': 200, 'HTTPHeaders': {'x-amzn-requestid': '9e6d917d-2a47-5859-b6a1-f00694e8c193', 'date': 'Wed, 29 Oct 2025 07:04:15 GMT', 'content-type': 'application/x-amz-json-1.0', 'content-length': '135', 'connection': 'keep-alive'}, 'RetryAttempts': 0}}","chan":"stdout","logger":"task"}
{"timestamp":"2025-10-29T07:04:24.681966","level":"info","event":"Messages empty. Pausing for 15sec","logger":"airflow.task"}
{"timestamp":"2025-10-29T07:04:39.727743","level":"info","event":"0 available. 1 left.","logger":"airflow.task"}
{"timestamp":"2025-10-29T07:04:39.728634Z","level":"info","event":"Response: {'Attributes': {'ApproximateNumberOfMessages': '0', 'ApproximateNumberOfMessagesNotVisible': '0', 'ApproximateNumberOfMessagesDelayed': '1'}, 'ResponseMetadata': {'RequestId': '63d79457-a14f-541b-a72b-f52c1f870dd1', 'HTTPStatusCode': 200, 'HTTPHeaders': {'x-amzn-requestid': '63d79457-a14f-541b-a72b-f52c1f870dd1', 'date': 'Wed, 29 Oct 2025 07:04:40 GMT', 'content-type': 'application/x-amz-json-1.0', 'content-length': '135', 'connection': 'keep-alive'}, 'RetryAttempts': 0}}","chan":"stdout","logger":"task"}
{"timestamp":"2025-10-29T07:04:49.759878","level":"info","event":"Messages empty. Pausing for 15sec","logger":"airflow.task"}
{"timestamp":"2025-10-29T07:05:04.803901","level":"info","event":"0 available. 1 left.","logger":"airflow.task"}
{"timestamp":"2025-10-29T07:05:04.804614Z","level":"info","event":"Response: {'Attributes': {'ApproximateNumberOfMessages': '0', 'ApproximateNumberOfMessagesNotVisible': '0', 'ApproximateNumberOfMessagesDelayed': '1'}, 'ResponseMetadata': {'RequestId': '53dcc57c-2740-59e4-add9-a40799a1f02e', 'HTTPStatusCode': 200, 'HTTPHeaders': {'x-amzn-requestid': '53dcc57c-2740-59e4-add9-a40799a1f02e', 'date': 'Wed, 29 Oct 2025 07:05:05 GMT', 'content-type': 'application/x-amz-json-1.0', 'content-length': '135', 'connection': 'keep-alive'}, 'RetryAttempts': 0}}","chan":"stdout","logger":"task"}
{"timestamp":"2025-10-29T07:05:14.836791","level":"info","event":"Messages empty. Pausing for 15sec","logger":"airflow.task"}
{"timestamp":"2025-10-29T07:05:29.871872","level":"info","event":"0 available. 1 left.","logger":"airflow.task"}
{"timestamp":"2025-10-29T07:05:29.872422Z","level":"info","event":"Response: {'Attributes': {'ApproximateNumberOfMessages': '0', 'ApproximateNumberOfMessagesNotVisible': '0', 'ApproximateNumberOfMessagesDelayed': '1'}, 'ResponseMetadata': {'RequestId': 'ddb8475e-1d74-5a1e-bd79-2625a38e23d4', 'HTTPStatusCode': 200, 'HTTPHeaders': {'x-amzn-requestid': 'ddb8475e-1d74-5a1e-bd79-2625a38e23d4', 'date': 'Wed, 29 Oct 2025 07:05:30 GMT', 'content-type': 'application/x-amz-json-1.0', 'content-length': '135', 'connection': 'keep-alive'}, 'RetryAttempts': 0}}","chan":"stdout","logger":"task"}
{"timestamp":"2025-10-29T07:05:39.905323","level":"info","event":"Messages empty. Pausing for 15sec","logger":"airflow.task"}
{"timestamp":"2025-10-29T07:05:54.950426","level":"info","event":"0 available. 1 left.","logger":"airflow.task"}
{"timestamp":"2025-10-29T07:05:55.014779Z","level":"info","event":"Response: {'Attributes': {'ApproximateNumberOfMessages': '0', 'ApproximateNumberOfMessagesNotVisible': '0', 'ApproximateNumberOfMessagesDelayed': '1'}, 'ResponseMetadata': {'RequestId': 'bd26e250-52fe-5f21-b603-832bededc6eb', 'HTTPStatusCode': 200, 'HTTPHeaders': {'x-amzn-requestid': 'bd26e250-52fe-5f21-b603-832bededc6eb', 'date': 'Wed, 29 Oct 2025 07:05:55 GMT', 'content-type': 'application/x-amz-json-1.0', 'content-length': '135', 'connection': 'keep-alive'}, 'RetryAttempts': 0}}","chan":"stdout","logger":"task"}
{"timestamp":"2025-10-29T07:06:05.038913","level":"info","event":"Messages empty. Pausing for 15sec","logger":"airflow.task"}
{"timestamp":"2025-10-29T07:06:20.070068","level":"info","event":"0 available. 1 left.","logger":"airflow.task"}
{"timestamp":"2025-10-29T07:06:20.070753Z","level":"info","event":"Response: {'Attributes': {'ApproximateNumberOfMessages': '0', 'ApproximateNumberOfMessagesNotVisible': '0', 'ApproximateNumberOfMessagesDelayed': '1'}, 'ResponseMetadata': {'RequestId': '452e55de-097f-5ca1-9676-34a5b653b56b', 'HTTPStatusCode': 200, 'HTTPHeaders': {'x-amzn-requestid': '452e55de-097f-5ca1-9676-34a5b653b56b', 'date': 'Wed, 29 Oct 2025 07:06:20 GMT', 'content-type': 'application/x-amz-json-1.0', 'content-length': '135', 'connection': 'keep-alive'}, 'RetryAttempts': 0}}","chan":"stdout","logger":"task"}
{"timestamp":"2025-10-29T07:06:30.098289","level":"info","event":"Messages empty. Pausing for 15sec","logger":"airflow.task"}
{"timestamp":"2025-10-29T07:06:45.129107","level":"info","event":"0 available. 1 left.","logger":"airflow.task"}
{"timestamp":"2025-10-29T07:06:45.130158Z","level":"info","event":"Response: {'Attributes': {'ApproximateNumberOfMessages': '0', 'ApproximateNumberOfMessagesNotVisible': '0', 'ApproximateNumberOfMessagesDelayed': '1'}, 'ResponseMetadata': {'RequestId': '2da8ff75-a556-5321-b3fd-9e0e1a138aeb', 'HTTPStatusCode': 200, 'HTTPHeaders': {'x-amzn-requestid': '2da8ff75-a556-5321-b3fd-9e0e1a138aeb', 'date': 'Wed, 29 Oct 2025 07:06:45 GMT', 'content-type': 'application/x-amz-json-1.0', 'content-length': '135', 'connection': 'keep-alive'}, 'RetryAttempts': 0}}","chan":"stdout","logger":"task"}
{"timestamp":"2025-10-29T07:06:45.183585","level":"info","event":"Message received. Extracting receipt handle, word and order number.","logger":"airflow.task"}
{"timestamp":"2025-10-29T07:06:45.183903","level":"info","event":"word received: must","logger":"airflow.task"}
{"timestamp":"2025-10-29T07:06:45.184046","level":"info","event":"order number received: 7","logger":"airflow.task"}
{"timestamp":"2025-10-29T07:06:45.184155","level":"info","event":"response handle received: AQEB/VNLTbeWSZMohzVbe+ci1Q1DSQ6znGWYcerCcB1os0h3cDhUcXG7V4VLKpWKKFGniZHYAnXSLSW60cJ7SQJP8VtkBjbVv+VplDfZ7j3fqV8x8epMiHjEhpSjD0eIUS1rReKCWg5L5KELP94E9+/cpb9hq9t8EbGssvOiz+kJA8OI78acTbHM25fijiFJBLZ7gCQf7YsTYhhtvqU/VfvPypPpfeBdF5IsSFYql4TlRGG1H43evuJcG4XCeRV410aXLJJyDbFNe6W13XTd8xYiHs/DfjOk1MZciutuxZJ4NaYbTiEj05gGgRoLQSVTW7xkIegbW/fqtigA5l2gD8sGbRp+Y0BsyuoHv611Cz0l4D8DxDgMfdT+JSQPbnvCmWkN","logger":"airflow.task"}
{"timestamp":"2025-10-29T07:06:45.211133","level":"info","event":"Message deleted","logger":"airflow.task"}
{"timestamp":"2025-10-29T07:06:45.250045","level":"info","event":"Final phrase assembled: Learning is not attained by chance, it must be sought for with ardor and attended to with diligence. - Abigal Adams","logger":"airflow.task"}
{"timestamp":"2025-10-29T07:06:45.256775","level":"info","event":"Done. Returned value was: Learning is not attained by chance, it must be sought for with ardor and attended to with diligence. - Abigal Adams","logger":"airflow.task.operators.airflow.providers.standard.operators.python.PythonOperator"}
{"timestamp":"2025-10-29T07:06:45.257449","level":"info","event":"Pushing xcom","ti":"RuntimeTaskInstance(id=UUID('019a2ebc-fa70-7b0b-bfc3-647daa5502b5'), task_id='process_and_assemble_messages', dag_id='sqs_pipeline', run_id='manual__2025-10-29T06:52:08.132992+00:00', try_number=1, map_index=-1, hostname='a99873f5cfb9', context_carrier={}, task=<Task(PythonOperator): process_and_assemble_messages>, bundle_instance=LocalDagBundle(name=dags-folder), max_tries=1, start_date=datetime.datetime(2025, 10, 29, 6, 52, 15, 791260, tzinfo=TzInfo(UTC)), end_date=None, state=<TaskInstanceState.RUNNING: 'running'>, is_mapped=False, rendered_map_index=None)","logger":"task"}
{"timestamp":"2025-10-29T07:06:45.296721Z","level":"info","event":"Task instance in success state","chan":"stdout","logger":"task"}
{"timestamp":"2025-10-29T07:06:45.296939Z","level":"info","event":" Previous state of the Task instance: TaskInstanceState.RUNNING","chan":"stdout","logger":"task"}
{"timestamp":"2025-10-29T07:06:45.297027Z","level":"info","event":"Task operator:<Task(PythonOperator): process_and_assemble_messages>","chan":"stdout","logger":"task"}
